20:12:27.062  INFO  manager.ApplicationManager - All tests run in Chrome browser
20:12:29.450  INFO  manager.ApplicationManager - The link --->https://telranedu.web.app/login
20:12:29.467  INFO  manager.ListenerWD - Before Find ElementS--->By.xpath: //button[text()='Sign Out']
20:12:34.536  INFO  manager.ListenerWD - After Find ElementS--->By.xpath: //button[text()='Sign Out']
20:12:34.538  INFO  manager.ListenerWD - list of elements is --->0
20:12:34.540  INFO  manager.ListenerWD - Before Find Element--->By.xpath: //a[@class='active']
20:12:34.567  INFO  manager.ListenerWD - After Find Element--->By.xpath: //a[@class='active']
20:12:34.591  INFO  manager.ListenerWD - Location of element(1425, 33)
20:12:34.637  INFO  manager.ListenerWD - Before Find Element--->By.xpath: //input[@name='email']
20:12:34.659  INFO  manager.ListenerWD - After Find Element--->By.xpath: //input[@name='email']
20:12:34.670  INFO  manager.ListenerWD - Location of element(568, 250)
20:12:34.839  INFO  manager.ListenerWD - Before Find Element--->By.xpath: //input[@name='password']
20:12:34.859  INFO  manager.ListenerWD - After Find Element--->By.xpath: //input[@name='password']
20:12:34.871  INFO  manager.ListenerWD - Location of element(568, 320)
20:12:35.008  INFO  manager.ListenerWD - Before Find Element--->By.xpath: //button[text()='Login']
20:12:35.028  INFO  manager.ListenerWD - After Find Element--->By.xpath: //button[text()='Login']
20:12:35.038  INFO  manager.ListenerWD - Location of element(568, 390)
20:12:35.075  INFO  tests.TestBase - Before method finish logout
20:12:35.094  INFO  tests.TestBase - Name off method --->addContactSuccessAllFields
20:12:35.111  INFO  tests.TestBase - Start test with name 'addContactSuccessAllFields'
20:12:35.111  INFO  tests.TestBase - Test data ---> Name: 'Tony' & LastName : 'Stark'
20:12:35.112  INFO  manager.ListenerWD - Before Find Element--->By.cssSelector: a[href='/add']
20:12:36.131  INFO  manager.ListenerWD - After Find Element--->By.cssSelector: a[href='/add']
20:12:36.141  INFO  manager.ListenerWD - Location of element(1191, 34)
20:12:36.178  INFO  manager.ListenerWD - Before Find Element--->By.xpath: //input[@placeholder='Name']
20:12:36.200  INFO  manager.ListenerWD - After Find Element--->By.xpath: //input[@placeholder='Name']
20:12:36.211  INFO  manager.ListenerWD - Location of element(242, 165)
20:12:36.344  INFO  manager.ListenerWD - Before Find Element--->By.xpath: //input[@placeholder='Last Name']
20:12:36.363  INFO  manager.ListenerWD - After Find Element--->By.xpath: //input[@placeholder='Last Name']
20:12:36.374  INFO  manager.ListenerWD - Location of element(242, 238)
20:12:36.508  INFO  manager.ListenerWD - Before Find Element--->By.xpath: //input[@placeholder='Phone']
20:12:36.526  INFO  manager.ListenerWD - After Find Element--->By.xpath: //input[@placeholder='Phone']
20:12:36.537  INFO  manager.ListenerWD - Location of element(242, 312)
20:12:36.678  INFO  manager.ListenerWD - Before Find Element--->By.cssSelector: input[placeholder='email']
20:12:36.695  INFO  manager.ListenerWD - After Find Element--->By.cssSelector: input[placeholder='email']
20:12:36.705  INFO  manager.ListenerWD - Location of element(242, 385)
20:12:36.848  INFO  manager.ListenerWD - Before Find Element--->By.xpath: //input[@placeholder='Address']
20:12:36.866  INFO  manager.ListenerWD - After Find Element--->By.xpath: //input[@placeholder='Address']
20:12:36.876  INFO  manager.ListenerWD - Location of element(242, 459)
20:12:37.005  INFO  manager.ListenerWD - Before Find Element--->By.xpath: //input[@placeholder='description']
20:12:37.021  INFO  manager.ListenerWD - After Find Element--->By.xpath: //input[@placeholder='description']
20:12:37.032  INFO  manager.ListenerWD - Location of element(242, 533)
20:12:37.168  INFO  manager.ListenerWD - Before Find Element--->By.cssSelector: .add_form__2rsm2>button
20:12:37.184  INFO  manager.ListenerWD - After Find Element--->By.cssSelector: .add_form__2rsm2>button
20:12:37.193  INFO  manager.ListenerWD - Location of element(245, 606)
20:12:37.343  INFO  manager.ListenerWD - Before Find Element--->By.cssSelector: .add_form__2rsm2>button
20:12:37.357  INFO  manager.ListenerWD - After Find Element--->By.cssSelector: .add_form__2rsm2>button
20:12:37.365  INFO  manager.ListenerWD - Location of element(245, 606)
20:12:37.395  INFO  manager.ListenerWD - Before Find ElementS--->By.cssSelector: h2
20:12:37.717  INFO  manager.ListenerWD - After Find ElementS--->By.cssSelector: h2
20:12:37.717  INFO  manager.ListenerWD - list of elements is --->0
20:12:37.717  INFO  tests.TestBase - Name off method --->addContactSuccessAllFields
20:12:37.717  INFO  tests.TestBase - Start test with name 'addContactSuccessAllFields'
20:12:37.717  INFO  tests.TestBase - Test data ---> Name: 'Tony' & LastName : 'Stark'
20:12:37.717  INFO  manager.ListenerWD - Before Find Element--->By.cssSelector: a[href='/add']
20:12:37.736  INFO  manager.ListenerWD - Huston we have a problem!
20:12:37.738  INFO  manager.ListenerWD - Object target  --->ChromeDriver: chrome on WINDOWS (5aee4f3d75f0a793d5204a11a994a49f)
20:12:37.738  INFO  manager.ListenerWD - ********************
20:12:37.738  INFO  manager.ListenerWD - Method name--->findElement
20:12:37.738  INFO  manager.ListenerWD - ********************
20:12:37.738  INFO  manager.ListenerWD - ********************
20:12:37.738  INFO  manager.ListenerWD - ********************
20:12:37.739  INFO  manager.ListenerWD - InvocationTargetException3 & getTargetException--->org.openqa.selenium.UnhandledAlertException: unexpected alert open: {Alert text :  Phone not valid: Phone number must contain only digits! And length min 10, max 15!}
  (Session info: chrome=112.0.5615.121):  Phone not valid: Phone number must contain only digits! And length min 10, max 15!
Build info: version: '4.7.0', revision: '0a5b49d16f'
System info: os.name: 'Windows 11', os.arch: 'amd64', os.version: '10.0', java.version: '11.0.18'
Driver info: org.openqa.selenium.chrome.ChromeDriver
Command: [5aee4f3d75f0a793d5204a11a994a49f, findElement {using=css selector, value=a[href='/add']}]
Capabilities {acceptInsecureCerts: false, browserName: chrome, browserVersion: 112.0.5615.121, chrome: {chromedriverVersion: 112.0.5615.49 (bd2a7bcb881c..., userDataDir: C:\Users\Toxa32\AppData\Loc...}, goog:chromeOptions: {debuggerAddress: localhost:60763}, networkConnectionEnabled: false, pageLoadStrategy: normal, platformName: WINDOWS, proxy: Proxy(), se:cdp: ws://localhost:60763/devtoo..., se:cdpVersion: 112.0.5615.121, setWindowRect: true, strictFileInteractability: false, timeouts: {implicit: 0, pageLoad: 300000, script: 30000}, unhandledPromptBehavior: dismiss and notify, webauthn:extension:credBlob: true, webauthn:extension:largeBlob: true, webauthn:extension:minPinLength: true, webauthn:extension:prf: true, webauthn:virtualAuthenticators: true}
Session ID: 5aee4f3d75f0a793d5204a11a994a49f
20:12:37.739  INFO  manager.ListenerWD - ********************
20:12:37.743  INFO  manager.ListenerWD - Screen with error is --->src/test/screenshots/screen_1200.png
