20:30:29.530  INFO  manager.ApplicationManager - All tests run in Chrome browser
20:30:30.921  INFO  manager.ApplicationManager - The link --->https://telranedu.web.app/login
20:30:30.939  INFO  manager.ListenerWD - Before Find ElementS--->By.xpath: //button[text()='Sign Out']
20:30:35.944  INFO  manager.ListenerWD - After Find ElementS--->By.xpath: //button[text()='Sign Out']
20:30:35.944  INFO  manager.ListenerWD - list of elements is --->0
20:30:35.944  INFO  manager.ListenerWD - Before Find Element--->By.xpath: //a[@class='active']
20:30:35.973  INFO  manager.ListenerWD - After Find Element--->By.xpath: //a[@class='active']
20:30:35.990  INFO  manager.ListenerWD - Location of element(1425, 33)
20:30:36.040  INFO  manager.ListenerWD - Before Find Element--->By.xpath: //input[@name='email']
20:30:36.065  INFO  manager.ListenerWD - After Find Element--->By.xpath: //input[@name='email']
20:30:36.076  INFO  manager.ListenerWD - Location of element(568, 250)
20:30:36.231  INFO  manager.ListenerWD - Before Find Element--->By.xpath: //input[@name='password']
20:30:36.253  INFO  manager.ListenerWD - After Find Element--->By.xpath: //input[@name='password']
20:30:36.264  INFO  manager.ListenerWD - Location of element(568, 320)
20:30:36.406  INFO  manager.ListenerWD - Before Find Element--->By.xpath: //button[text()='Login']
20:30:36.425  INFO  manager.ListenerWD - After Find Element--->By.xpath: //button[text()='Login']
20:30:36.436  INFO  manager.ListenerWD - Location of element(568, 390)
20:30:36.488  INFO  tests.TestBase - Name off method --->addContactSuccessAllFields
20:30:36.506  INFO  tests.TestBase - Tests run with data: --->Contact(name=Tony, lastname=Stark, phone=34343434, email=stark@gmail.com, address=NY, description=all fields)
20:30:36.506  INFO  manager.ListenerWD - Before Find Element--->By.cssSelector: a[href='/add']
20:30:37.534  INFO  manager.ListenerWD - After Find Element--->By.cssSelector: a[href='/add']
20:30:37.546  INFO  manager.ListenerWD - Location of element(1191, 34)
20:30:37.581  INFO  manager.ListenerWD - Before Find Element--->By.xpath: //input[@placeholder='Name']
20:30:37.603  INFO  manager.ListenerWD - After Find Element--->By.xpath: //input[@placeholder='Name']
20:30:37.615  INFO  manager.ListenerWD - Location of element(242, 165)
20:30:37.747  INFO  manager.ListenerWD - Before Find Element--->By.xpath: //input[@placeholder='Last Name']
20:30:37.760  INFO  manager.ListenerWD - After Find Element--->By.xpath: //input[@placeholder='Last Name']
20:30:37.778  INFO  manager.ListenerWD - Location of element(242, 238)
20:30:37.911  INFO  manager.ListenerWD - Before Find Element--->By.xpath: //input[@placeholder='Phone']
20:30:37.927  INFO  manager.ListenerWD - After Find Element--->By.xpath: //input[@placeholder='Phone']
20:30:37.937  INFO  manager.ListenerWD - Location of element(242, 312)
20:30:38.071  INFO  manager.ListenerWD - Before Find Element--->By.cssSelector: input[placeholder='email']
20:30:38.090  INFO  manager.ListenerWD - After Find Element--->By.cssSelector: input[placeholder='email']
20:30:38.101  INFO  manager.ListenerWD - Location of element(242, 385)
20:30:38.245  INFO  manager.ListenerWD - Before Find Element--->By.xpath: //input[@placeholder='Address']
20:30:38.266  INFO  manager.ListenerWD - After Find Element--->By.xpath: //input[@placeholder='Address']
20:30:38.278  INFO  manager.ListenerWD - Location of element(242, 459)
20:30:38.408  INFO  manager.ListenerWD - Before Find Element--->By.xpath: //input[@placeholder='description']
20:30:38.425  INFO  manager.ListenerWD - After Find Element--->By.xpath: //input[@placeholder='description']
20:30:38.436  INFO  manager.ListenerWD - Location of element(242, 533)
20:30:38.570  INFO  manager.ListenerWD - Before Find Element--->By.cssSelector: .add_form__2rsm2>button
20:30:38.587  INFO  manager.ListenerWD - After Find Element--->By.cssSelector: .add_form__2rsm2>button
20:30:38.596  INFO  manager.ListenerWD - Location of element(245, 606)
20:30:38.700  INFO  manager.ListenerWD - Before Find Element--->By.cssSelector: .add_form__2rsm2>button
20:30:38.714  INFO  manager.ListenerWD - After Find Element--->By.cssSelector: .add_form__2rsm2>button
20:30:38.723  INFO  manager.ListenerWD - Location of element(245, 606)
20:30:38.753  INFO  manager.ListenerWD - Before Find ElementS--->By.cssSelector: h2
20:30:39.079  INFO  manager.ListenerWD - After Find ElementS--->By.cssSelector: h2
20:30:39.079  INFO  manager.ListenerWD - list of elements is --->0
20:30:39.080  INFO  tests.TestBase - Name off method --->addContactSuccessAllFields
20:30:39.080  INFO  tests.TestBase - Tests run with data: --->Contact(name=TonyReq, lastname=Stark, phone=34343434, email=stark1@gmail.com, address=NY, description=null)
20:30:39.080  INFO  manager.ListenerWD - Before Find Element--->By.cssSelector: a[href='/add']
20:30:39.098  INFO  manager.ListenerWD - Huston we have a problem!
20:30:39.098  INFO  manager.ListenerWD - Object target  --->ChromeDriver: chrome on WINDOWS (53e2d43e5051f9ad3e063dc2de005d9e)
20:30:39.099  INFO  manager.ListenerWD - ********************
20:30:39.099  INFO  manager.ListenerWD - Method name--->findElement
20:30:39.099  INFO  manager.ListenerWD - ********************
20:30:39.099  INFO  manager.ListenerWD - ********************
20:30:39.099  INFO  manager.ListenerWD - ********************
20:30:39.101  INFO  manager.ListenerWD - InvocationTargetException3 & getTargetException--->org.openqa.selenium.UnhandledAlertException: unexpected alert open: {Alert text :  Phone not valid: Phone number must contain only digits! And length min 10, max 15!}
  (Session info: chrome=112.0.5615.121):  Phone not valid: Phone number must contain only digits! And length min 10, max 15!
Build info: version: '4.7.0', revision: '0a5b49d16f'
System info: os.name: 'Windows 11', os.arch: 'amd64', os.version: '10.0', java.version: '11.0.18'
Driver info: org.openqa.selenium.chrome.ChromeDriver
Command: [53e2d43e5051f9ad3e063dc2de005d9e, findElement {using=css selector, value=a[href='/add']}]
Capabilities {acceptInsecureCerts: false, browserName: chrome, browserVersion: 112.0.5615.121, chrome: {chromedriverVersion: 112.0.5615.49 (bd2a7bcb881c..., userDataDir: C:\Users\Toxa32\AppData\Loc...}, goog:chromeOptions: {debuggerAddress: localhost:61911}, networkConnectionEnabled: false, pageLoadStrategy: normal, platformName: WINDOWS, proxy: Proxy(), se:cdp: ws://localhost:61911/devtoo..., se:cdpVersion: 112.0.5615.121, setWindowRect: true, strictFileInteractability: false, timeouts: {implicit: 0, pageLoad: 300000, script: 30000}, unhandledPromptBehavior: dismiss and notify, webauthn:extension:credBlob: true, webauthn:extension:largeBlob: true, webauthn:extension:minPinLength: true, webauthn:extension:prf: true, webauthn:virtualAuthenticators: true}
Session ID: 53e2d43e5051f9ad3e063dc2de005d9e
20:30:39.102  INFO  manager.ListenerWD - ********************
20:30:39.104  INFO  manager.ListenerWD - Screen with error is --->src/test/screenshots/screen_1434.png
