20:40:44.291  INFO  manager.ApplicationManager - All tests run in Chrome browser
20:40:46.358  INFO  manager.ApplicationManager - The link --->https://telranedu.web.app/login
20:40:46.386  INFO  manager.ListenerWD - Before Find ElementS--->By.xpath: //button[text()='Sign Out']
20:40:51.404  INFO  manager.ListenerWD - After Find ElementS--->By.xpath: //button[text()='Sign Out']
20:40:51.410  INFO  manager.ListenerWD - list of elements is --->0
20:40:51.412  INFO  manager.ListenerWD - Before Find Element--->By.xpath: //a[@class='active']
20:40:51.428  INFO  manager.ListenerWD - After Find Element--->By.xpath: //a[@class='active']
20:40:51.459  INFO  manager.ListenerWD - Location of element(1425, 33)
20:40:51.501  INFO  manager.ListenerWD - Before Find Element--->By.xpath: //input[@name='email']
20:40:51.524  INFO  manager.ListenerWD - After Find Element--->By.xpath: //input[@name='email']
20:40:51.534  INFO  manager.ListenerWD - Location of element(568, 250)
20:40:51.700  INFO  manager.ListenerWD - Before Find Element--->By.xpath: //input[@name='password']
20:40:51.720  INFO  manager.ListenerWD - After Find Element--->By.xpath: //input[@name='password']
20:40:51.729  INFO  manager.ListenerWD - Location of element(568, 320)
20:40:51.871  INFO  manager.ListenerWD - Before Find Element--->By.xpath: //button[text()='Login']
20:40:51.890  INFO  manager.ListenerWD - After Find Element--->By.xpath: //button[text()='Login']
20:40:51.900  INFO  manager.ListenerWD - Location of element(568, 390)
20:40:51.952  INFO  tests.TestBase - Name off method --->addContactSuccessAllFields
20:40:51.970  INFO  tests.TestBase - Tests run with data: --->Contact(name=Tony, lastname=Stark, phone=34343434, email=stark@gmail.com, address=NY, description=all fields)
20:40:51.971  INFO  manager.ListenerWD - Before Find Element--->By.cssSelector: a[href='/add']
20:40:52.948  INFO  manager.ListenerWD - After Find Element--->By.cssSelector: a[href='/add']
20:40:52.958  INFO  manager.ListenerWD - Location of element(1191, 34)
20:40:52.993  INFO  manager.ListenerWD - Before Find Element--->By.xpath: //input[@placeholder='Name']
20:40:53.014  INFO  manager.ListenerWD - After Find Element--->By.xpath: //input[@placeholder='Name']
20:40:53.025  INFO  manager.ListenerWD - Location of element(242, 165)
20:40:53.158  INFO  manager.ListenerWD - Before Find Element--->By.xpath: //input[@placeholder='Last Name']
20:40:53.177  INFO  manager.ListenerWD - After Find Element--->By.xpath: //input[@placeholder='Last Name']
20:40:53.188  INFO  manager.ListenerWD - Location of element(242, 238)
20:40:53.324  INFO  manager.ListenerWD - Before Find Element--->By.xpath: //input[@placeholder='Phone']
20:40:53.339  INFO  manager.ListenerWD - After Find Element--->By.xpath: //input[@placeholder='Phone']
20:40:53.352  INFO  manager.ListenerWD - Location of element(242, 312)
20:40:53.486  INFO  manager.ListenerWD - Before Find Element--->By.cssSelector: input[placeholder='email']
20:40:53.503  INFO  manager.ListenerWD - After Find Element--->By.cssSelector: input[placeholder='email']
20:40:53.514  INFO  manager.ListenerWD - Location of element(242, 385)
20:40:53.649  INFO  manager.ListenerWD - Before Find Element--->By.xpath: //input[@placeholder='Address']
20:40:53.667  INFO  manager.ListenerWD - After Find Element--->By.xpath: //input[@placeholder='Address']
20:40:53.677  INFO  manager.ListenerWD - Location of element(242, 459)
20:40:53.805  INFO  manager.ListenerWD - Before Find Element--->By.xpath: //input[@placeholder='description']
20:40:53.822  INFO  manager.ListenerWD - After Find Element--->By.xpath: //input[@placeholder='description']
20:40:53.834  INFO  manager.ListenerWD - Location of element(242, 533)
20:40:53.961  INFO  manager.ListenerWD - Before Find Element--->By.cssSelector: .add_form__2rsm2>button
20:40:53.981  INFO  manager.ListenerWD - After Find Element--->By.cssSelector: .add_form__2rsm2>button
20:40:53.989  INFO  manager.ListenerWD - Location of element(245, 606)
20:40:54.136  INFO  manager.ListenerWD - Before Find Element--->By.cssSelector: .add_form__2rsm2>button
20:40:54.156  INFO  manager.ListenerWD - After Find Element--->By.cssSelector: .add_form__2rsm2>button
20:40:54.163  INFO  manager.ListenerWD - Location of element(245, 606)
20:40:54.192  INFO  manager.ListenerWD - Before Find ElementS--->By.cssSelector: h2
20:40:54.515  INFO  manager.ListenerWD - After Find ElementS--->By.cssSelector: h2
20:40:54.515  INFO  manager.ListenerWD - list of elements is --->0
20:40:54.517  INFO  manager.ListenerWD - Before Find ElementS--->By.cssSelector: h3
20:40:54.532  INFO  manager.ListenerWD - Huston we have a problem!
20:40:54.533  INFO  manager.ListenerWD - Object target  --->ChromeDriver: chrome on WINDOWS (cbbbaf06e3443a053fceaa1373d99a9d)
20:40:54.533  INFO  manager.ListenerWD - ********************
20:40:54.533  INFO  manager.ListenerWD - Method name--->findElements
20:40:54.533  INFO  manager.ListenerWD - ********************
20:40:54.533  INFO  manager.ListenerWD - ********************
20:40:54.534  INFO  manager.ListenerWD - ********************
20:40:54.535  INFO  manager.ListenerWD - InvocationTargetException3 & getTargetException--->org.openqa.selenium.UnhandledAlertException: unexpected alert open: {Alert text :  Phone not valid: Phone number must contain only digits! And length min 10, max 15!}
  (Session info: chrome=112.0.5615.121):  Phone not valid: Phone number must contain only digits! And length min 10, max 15!
Build info: version: '4.7.0', revision: '0a5b49d16f'
System info: os.name: 'Windows 11', os.arch: 'amd64', os.version: '10.0', java.version: '11.0.18'
Driver info: org.openqa.selenium.chrome.ChromeDriver
Command: [cbbbaf06e3443a053fceaa1373d99a9d, findElements {using=css selector, value=h3}]
Capabilities {acceptInsecureCerts: false, browserName: chrome, browserVersion: 112.0.5615.121, chrome: {chromedriverVersion: 112.0.5615.49 (bd2a7bcb881c..., userDataDir: C:\Users\Toxa32\AppData\Loc...}, goog:chromeOptions: {debuggerAddress: localhost:63011}, networkConnectionEnabled: false, pageLoadStrategy: normal, platformName: WINDOWS, proxy: Proxy(), se:cdp: ws://localhost:63011/devtoo..., se:cdpVersion: 112.0.5615.121, setWindowRect: true, strictFileInteractability: false, timeouts: {implicit: 0, pageLoad: 300000, script: 30000}, unhandledPromptBehavior: dismiss and notify, webauthn:extension:credBlob: true, webauthn:extension:largeBlob: true, webauthn:extension:minPinLength: true, webauthn:extension:prf: true, webauthn:virtualAuthenticators: true}
Session ID: cbbbaf06e3443a053fceaa1373d99a9d
20:40:54.536  INFO  manager.ListenerWD - ********************
20:40:54.538  INFO  manager.ListenerWD - Screen with error is --->src/test/screenshots/screen_1116.png
20:40:54.912  INFO  tests.TestBase - Name off method --->addContactSuccessAllFields
20:40:54.913  INFO  tests.TestBase - Tests run with data: --->Contact(name=TonyReq, lastname=Stark, phone=34343434, email=stark1@gmail.com, address=NY, description=null)
20:40:54.913  INFO  manager.ListenerWD - Before Find Element--->By.cssSelector: a[href='/add']
20:40:54.930  INFO  manager.ListenerWD - After Find Element--->By.cssSelector: a[href='/add']
20:40:54.933  INFO  manager.ListenerWD - Location of element(1202, 33)
20:40:54.972  INFO  manager.ListenerWD - Before Find Element--->By.xpath: //input[@placeholder='Name']
20:40:54.990  INFO  manager.ListenerWD - After Find Element--->By.xpath: //input[@placeholder='Name']
20:40:54.999  INFO  manager.ListenerWD - Location of element(242, 165)
20:40:55.137  INFO  manager.ListenerWD - Before Find Element--->By.xpath: //input[@placeholder='Last Name']
20:40:55.149  INFO  manager.ListenerWD - After Find Element--->By.xpath: //input[@placeholder='Last Name']
20:40:55.157  INFO  manager.ListenerWD - Location of element(242, 238)
20:40:55.283  INFO  manager.ListenerWD - Before Find Element--->By.xpath: //input[@placeholder='Phone']
20:40:55.298  INFO  manager.ListenerWD - After Find Element--->By.xpath: //input[@placeholder='Phone']
20:40:55.306  INFO  manager.ListenerWD - Location of element(242, 312)
20:40:55.442  INFO  manager.ListenerWD - Before Find Element--->By.cssSelector: input[placeholder='email']
20:40:55.456  INFO  manager.ListenerWD - After Find Element--->By.cssSelector: input[placeholder='email']
20:40:55.464  INFO  manager.ListenerWD - Location of element(242, 385)
20:40:55.603  INFO  manager.ListenerWD - Before Find Element--->By.xpath: //input[@placeholder='Address']
20:40:55.620  INFO  manager.ListenerWD - After Find Element--->By.xpath: //input[@placeholder='Address']
20:40:55.628  INFO  manager.ListenerWD - Location of element(242, 459)
20:40:55.748  INFO  manager.ListenerWD - Before Find Element--->By.xpath: //input[@placeholder='description']
20:40:55.762  INFO  manager.ListenerWD - After Find Element--->By.xpath: //input[@placeholder='description']
20:40:55.771  INFO  manager.ListenerWD - Location of element(242, 533)
20:40:55.877  INFO  manager.ListenerWD - Before Find Element--->By.cssSelector: .add_form__2rsm2>button
20:40:55.895  INFO  manager.ListenerWD - After Find Element--->By.cssSelector: .add_form__2rsm2>button
20:40:55.904  INFO  manager.ListenerWD - Location of element(245, 606)
20:40:55.978  INFO  manager.ListenerWD - Before Find Element--->By.cssSelector: .add_form__2rsm2>button
20:40:55.992  INFO  manager.ListenerWD - After Find Element--->By.cssSelector: .add_form__2rsm2>button
20:40:56.000  INFO  manager.ListenerWD - Location of element(245, 606)
20:40:56.021  INFO  manager.ListenerWD - Before Find ElementS--->By.cssSelector: h2
20:40:56.216  INFO  manager.ListenerWD - After Find ElementS--->By.cssSelector: h2
20:40:56.216  INFO  manager.ListenerWD - list of elements is --->0
20:40:56.216  INFO  manager.ListenerWD - Before Find ElementS--->By.cssSelector: h3
20:40:56.224  INFO  manager.ListenerWD - Huston we have a problem!
20:40:56.224  INFO  manager.ListenerWD - Object target  --->ChromeDriver: chrome on WINDOWS (cbbbaf06e3443a053fceaa1373d99a9d)
20:40:56.224  INFO  manager.ListenerWD - ********************
20:40:56.224  INFO  manager.ListenerWD - Method name--->findElements
20:40:56.226  INFO  manager.ListenerWD - ********************
20:40:56.226  INFO  manager.ListenerWD - ********************
20:40:56.226  INFO  manager.ListenerWD - ********************
20:40:56.226  INFO  manager.ListenerWD - InvocationTargetException3 & getTargetException--->org.openqa.selenium.UnhandledAlertException: unexpected alert open: {Alert text :  Phone not valid: Phone number must contain only digits! And length min 10, max 15!}
  (Session info: chrome=112.0.5615.121):  Phone not valid: Phone number must contain only digits! And length min 10, max 15!
Build info: version: '4.7.0', revision: '0a5b49d16f'
System info: os.name: 'Windows 11', os.arch: 'amd64', os.version: '10.0', java.version: '11.0.18'
Driver info: org.openqa.selenium.chrome.ChromeDriver
Command: [cbbbaf06e3443a053fceaa1373d99a9d, findElements {using=css selector, value=h3}]
Capabilities {acceptInsecureCerts: false, browserName: chrome, browserVersion: 112.0.5615.121, chrome: {chromedriverVersion: 112.0.5615.49 (bd2a7bcb881c..., userDataDir: C:\Users\Toxa32\AppData\Loc...}, goog:chromeOptions: {debuggerAddress: localhost:63011}, networkConnectionEnabled: false, pageLoadStrategy: normal, platformName: WINDOWS, proxy: Proxy(), se:cdp: ws://localhost:63011/devtoo..., se:cdpVersion: 112.0.5615.121, setWindowRect: true, strictFileInteractability: false, timeouts: {implicit: 0, pageLoad: 300000, script: 30000}, unhandledPromptBehavior: dismiss and notify, webauthn:extension:credBlob: true, webauthn:extension:largeBlob: true, webauthn:extension:minPinLength: true, webauthn:extension:prf: true, webauthn:virtualAuthenticators: true}
Session ID: cbbbaf06e3443a053fceaa1373d99a9d
20:40:56.226  INFO  manager.ListenerWD - ********************
20:40:56.226  INFO  manager.ListenerWD - Screen with error is --->src/test/screenshots/screen_1971.png
