20:33:04.798  INFO  manager.ApplicationManager - All tests run in Chrome browser
20:33:06.781  INFO  manager.ApplicationManager - The link --->https://telranedu.web.app/login
20:33:06.799  INFO  manager.ListenerWD - Before Find ElementS--->By.xpath: //button[text()='Sign Out']
20:33:11.812  INFO  manager.ListenerWD - After Find ElementS--->By.xpath: //button[text()='Sign Out']
20:33:11.816  INFO  manager.ListenerWD - list of elements is --->0
20:33:11.818  INFO  manager.ListenerWD - Before Find Element--->By.xpath: //a[@class='active']
20:33:11.844  INFO  manager.ListenerWD - After Find Element--->By.xpath: //a[@class='active']
20:33:11.867  INFO  manager.ListenerWD - Location of element(1425, 33)
20:33:11.907  INFO  manager.ListenerWD - Before Find Element--->By.xpath: //input[@name='email']
20:33:11.941  INFO  manager.ListenerWD - After Find Element--->By.xpath: //input[@name='email']
20:33:11.955  INFO  manager.ListenerWD - Location of element(568, 250)
20:33:12.112  INFO  manager.ListenerWD - Before Find Element--->By.xpath: //input[@name='password']
20:33:12.148  INFO  manager.ListenerWD - After Find Element--->By.xpath: //input[@name='password']
20:33:12.159  INFO  manager.ListenerWD - Location of element(568, 320)
20:33:12.299  INFO  manager.ListenerWD - Before Find Element--->By.xpath: //button[text()='Login']
20:33:12.316  INFO  manager.ListenerWD - After Find Element--->By.xpath: //button[text()='Login']
20:33:12.326  INFO  manager.ListenerWD - Location of element(568, 390)
20:33:12.376  INFO  tests.TestBase - Name off method --->addContactSuccessAllFields
20:33:12.396  INFO  tests.TestBase - Tests run with data: --->Contact(name=Tony, lastname=Stark, phone=34343434, email=stark@gmail.com, address=NY, description=all fields)
20:33:12.396  INFO  manager.ListenerWD - Before Find Element--->By.cssSelector: a[href='/add']
20:33:13.406  INFO  manager.ListenerWD - After Find Element--->By.cssSelector: a[href='/add']
20:33:13.416  INFO  manager.ListenerWD - Location of element(1191, 34)
20:33:13.452  INFO  manager.ListenerWD - Before Find Element--->By.xpath: //input[@placeholder='Name']
20:33:13.474  INFO  manager.ListenerWD - After Find Element--->By.xpath: //input[@placeholder='Name']
20:33:13.486  INFO  manager.ListenerWD - Location of element(242, 165)
20:33:13.625  INFO  manager.ListenerWD - Before Find Element--->By.xpath: //input[@placeholder='Last Name']
20:33:13.646  INFO  manager.ListenerWD - After Find Element--->By.xpath: //input[@placeholder='Last Name']
20:33:13.655  INFO  manager.ListenerWD - Location of element(242, 238)
20:33:13.792  INFO  manager.ListenerWD - Before Find Element--->By.xpath: //input[@placeholder='Phone']
20:33:13.810  INFO  manager.ListenerWD - After Find Element--->By.xpath: //input[@placeholder='Phone']
20:33:13.821  INFO  manager.ListenerWD - Location of element(242, 312)
20:33:13.955  INFO  manager.ListenerWD - Before Find Element--->By.cssSelector: input[placeholder='email']
20:33:13.974  INFO  manager.ListenerWD - After Find Element--->By.cssSelector: input[placeholder='email']
20:33:13.985  INFO  manager.ListenerWD - Location of element(242, 385)
20:33:14.125  INFO  manager.ListenerWD - Before Find Element--->By.xpath: //input[@placeholder='Address']
20:33:14.143  INFO  manager.ListenerWD - After Find Element--->By.xpath: //input[@placeholder='Address']
20:33:14.153  INFO  manager.ListenerWD - Location of element(242, 459)
20:33:14.281  INFO  manager.ListenerWD - Before Find Element--->By.xpath: //input[@placeholder='description']
20:33:14.298  INFO  manager.ListenerWD - After Find Element--->By.xpath: //input[@placeholder='description']
20:33:14.308  INFO  manager.ListenerWD - Location of element(242, 533)
20:33:14.450  INFO  manager.ListenerWD - Before Find Element--->By.cssSelector: .add_form__2rsm2>button
20:33:14.467  INFO  manager.ListenerWD - After Find Element--->By.cssSelector: .add_form__2rsm2>button
20:33:14.476  INFO  manager.ListenerWD - Location of element(245, 606)
20:33:14.579  INFO  manager.ListenerWD - Before Find Element--->By.cssSelector: .add_form__2rsm2>button
20:33:14.594  INFO  manager.ListenerWD - After Find Element--->By.cssSelector: .add_form__2rsm2>button
20:33:14.602  INFO  manager.ListenerWD - Location of element(245, 606)
20:33:14.634  INFO  manager.ListenerWD - Before Find ElementS--->By.cssSelector: h2
20:33:15.013  INFO  manager.ListenerWD - After Find ElementS--->By.cssSelector: h2
20:33:15.014  INFO  manager.ListenerWD - list of elements is --->0
20:33:15.019  INFO  tests.TestBase - Name off method --->addContactSuccessAllFields
20:33:15.019  INFO  tests.TestBase - Tests run with data: --->Contact(name=TonyReq, lastname=Stark, phone=34343434, email=stark1@gmail.com, address=NY, description=null)
20:33:15.020  INFO  manager.ListenerWD - Before Find Element--->By.cssSelector: a[href='/add']
20:33:15.031  INFO  manager.ListenerWD - Huston we have a problem!
20:33:15.032  INFO  manager.ListenerWD - Object target  --->ChromeDriver: chrome on WINDOWS (bbeb2e24f8dd756090b5f88935b41b43)
20:33:15.032  INFO  manager.ListenerWD - ********************
20:33:15.032  INFO  manager.ListenerWD - Method name--->findElement
20:33:15.032  INFO  manager.ListenerWD - ********************
20:33:15.032  INFO  manager.ListenerWD - ********************
20:33:15.032  INFO  manager.ListenerWD - ********************
20:33:15.034  INFO  manager.ListenerWD - InvocationTargetException3 & getTargetException--->org.openqa.selenium.UnhandledAlertException: unexpected alert open: {Alert text :  Phone not valid: Phone number must contain only digits! And length min 10, max 15!}
  (Session info: chrome=112.0.5615.121):  Phone not valid: Phone number must contain only digits! And length min 10, max 15!
Build info: version: '4.7.0', revision: '0a5b49d16f'
System info: os.name: 'Windows 11', os.arch: 'amd64', os.version: '10.0', java.version: '11.0.18'
Driver info: org.openqa.selenium.chrome.ChromeDriver
Command: [bbeb2e24f8dd756090b5f88935b41b43, findElement {using=css selector, value=a[href='/add']}]
Capabilities {acceptInsecureCerts: false, browserName: chrome, browserVersion: 112.0.5615.121, chrome: {chromedriverVersion: 112.0.5615.49 (bd2a7bcb881c..., userDataDir: C:\Users\Toxa32\AppData\Loc...}, goog:chromeOptions: {debuggerAddress: localhost:62187}, networkConnectionEnabled: false, pageLoadStrategy: normal, platformName: WINDOWS, proxy: Proxy(), se:cdp: ws://localhost:62187/devtoo..., se:cdpVersion: 112.0.5615.121, setWindowRect: true, strictFileInteractability: false, timeouts: {implicit: 0, pageLoad: 300000, script: 30000}, unhandledPromptBehavior: dismiss and notify, webauthn:extension:credBlob: true, webauthn:extension:largeBlob: true, webauthn:extension:minPinLength: true, webauthn:extension:prf: true, webauthn:virtualAuthenticators: true}
Session ID: bbeb2e24f8dd756090b5f88935b41b43
20:33:15.034  INFO  manager.ListenerWD - ********************
20:33:15.036  INFO  manager.ListenerWD - Screen with error is --->src/test/screenshots/screen_1459.png
