20:58:12.408  INFO  manager.ApplicationManager - All tests run in Chrome browser
20:58:14.995  INFO  manager.ApplicationManager - The link --->https://telranedu.web.app/login
20:58:15.054  INFO  tests.TestBase - Name off method --->loginSuccess
20:58:15.056  INFO  manager.ListenerWD - Before Find ElementS--->By.xpath: //button[text()='Sign Out']
20:58:20.088  INFO  manager.ListenerWD - After Find ElementS--->By.xpath: //button[text()='Sign Out']
20:58:20.088  INFO  manager.ListenerWD - list of elements is --->0
20:58:20.090  INFO  tests.TestBase - Start test with name ' loginSuccess'
20:58:20.100  INFO  tests.TestBase - Test data ---> email: noa@gmail.com & password : Nnoa12345$
20:58:20.100  INFO  manager.ListenerWD - Before Find Element--->By.cssSelector: a[href='/login']
20:58:20.139  INFO  manager.ListenerWD - After Find Element--->By.cssSelector: a[href='/login']
20:58:20.155  INFO  manager.ListenerWD - Location of element(1425, 33)
20:58:20.216  INFO  manager.ListenerWD - Before Find Element--->By.name: email
20:58:20.255  INFO  manager.ListenerWD - After Find Element--->By.name: email
20:58:20.269  INFO  manager.ListenerWD - Location of element(568, 250)
20:58:20.490  INFO  manager.ListenerWD - Before Find Element--->By.xpath: //input[last()]
20:58:20.526  INFO  manager.ListenerWD - After Find Element--->By.xpath: //input[last()]
20:58:20.542  INFO  manager.ListenerWD - Location of element(568, 320)
20:58:20.746  INFO  manager.ListenerWD - Before Find Element--->By.xpath: //button[text()='Login']
20:58:20.775  INFO  manager.ListenerWD - After Find Element--->By.xpath: //button[text()='Login']
20:58:20.788  INFO  manager.ListenerWD - Location of element(568, 390)
20:58:20.840  INFO  manager.ListenerWD - Before Find ElementS--->By.xpath: //button[text()='Sign Out']
20:58:21.858  INFO  manager.ListenerWD - After Find ElementS--->By.xpath: //button[text()='Sign Out']
20:58:21.858  INFO  manager.ListenerWD - list of elements is --->1
20:58:21.861  INFO  tests.TestBase - Assert check is Element button 'Sing out' present
20:58:21.865  INFO  tests.TestBase - Name off method --->loginSuccess
20:58:21.866  INFO  manager.ListenerWD - Before Find ElementS--->By.xpath: //button[text()='Sign Out']
20:58:21.892  INFO  manager.ListenerWD - After Find ElementS--->By.xpath: //button[text()='Sign Out']
20:58:21.893  INFO  manager.ListenerWD - list of elements is --->1
20:58:21.893  INFO  manager.ListenerWD - Before Find Element--->By.xpath: //button[text()='Sign Out']
20:58:21.929  INFO  manager.ListenerWD - After Find Element--->By.xpath: //button[text()='Sign Out']
20:58:21.944  INFO  manager.ListenerWD - Location of element(1412, 39)
20:58:21.994  INFO  tests.TestBase - Before method finish logout
20:58:21.995  INFO  tests.TestBase - Start test with name ' loginSuccess'
20:58:21.996  INFO  tests.TestBase - Test data ---> email: sonya@gmail.com & password : Ss12345$
20:58:21.996  INFO  manager.ListenerWD - Before Find Element--->By.cssSelector: a[href='/login']
20:58:22.019  INFO  manager.ListenerWD - After Find Element--->By.cssSelector: a[href='/login']
20:58:22.034  INFO  manager.ListenerWD - Location of element(1425, 33)
20:58:22.084  INFO  manager.ListenerWD - Before Find Element--->By.name: email
20:58:22.108  INFO  manager.ListenerWD - After Find Element--->By.name: email
20:58:22.122  INFO  manager.ListenerWD - Location of element(568, 250)
20:58:22.348  INFO  manager.ListenerWD - Before Find Element--->By.xpath: //input[last()]
20:58:22.369  INFO  manager.ListenerWD - After Find Element--->By.xpath: //input[last()]
20:58:22.383  INFO  manager.ListenerWD - Location of element(568, 320)
20:58:22.603  INFO  manager.ListenerWD - Before Find Element--->By.xpath: //button[text()='Login']
20:58:22.625  INFO  manager.ListenerWD - After Find Element--->By.xpath: //button[text()='Login']
20:58:22.641  INFO  manager.ListenerWD - Location of element(568, 390)
20:58:22.694  INFO  manager.ListenerWD - Before Find ElementS--->By.xpath: //button[text()='Sign Out']
20:58:23.026  INFO  manager.ListenerWD - After Find ElementS--->By.xpath: //button[text()='Sign Out']
20:58:23.027  INFO  manager.ListenerWD - list of elements is --->1
20:58:23.027  INFO  tests.TestBase - Assert check is Element button 'Sing out' present
20:58:23.032  INFO  tests.TestBase - Name off method --->loginSuccessModel
20:58:23.033  INFO  manager.ListenerWD - Before Find ElementS--->By.xpath: //button[text()='Sign Out']
20:58:23.059  INFO  manager.ListenerWD - After Find ElementS--->By.xpath: //button[text()='Sign Out']
20:58:23.059  INFO  manager.ListenerWD - list of elements is --->1
20:58:23.060  INFO  manager.ListenerWD - Before Find Element--->By.xpath: //button[text()='Sign Out']
20:58:23.081  INFO  manager.ListenerWD - After Find Element--->By.xpath: //button[text()='Sign Out']
20:58:23.097  INFO  manager.ListenerWD - Location of element(1412, 39)
20:58:23.153  INFO  tests.TestBase - Before method finish logout
20:58:23.155  INFO  tests.TestBase - Test data ---> User{email='noa@gmail.com', password='Nnoa12345$'}
20:58:23.156  INFO  manager.ListenerWD - Before Find Element--->By.cssSelector: a[href='/login']
20:58:23.179  INFO  manager.ListenerWD - After Find Element--->By.cssSelector: a[href='/login']
20:58:23.195  INFO  manager.ListenerWD - Location of element(1425, 33)
20:58:23.242  INFO  manager.ListenerWD - Before Find Element--->By.name: email
20:58:23.261  INFO  manager.ListenerWD - After Find Element--->By.name: email
20:58:23.276  INFO  manager.ListenerWD - Location of element(568, 250)
20:58:23.498  INFO  manager.ListenerWD - Before Find Element--->By.xpath: //input[last()]
20:58:23.521  INFO  manager.ListenerWD - After Find Element--->By.xpath: //input[last()]
20:58:23.534  INFO  manager.ListenerWD - Location of element(568, 320)
20:58:23.742  INFO  manager.ListenerWD - Before Find Element--->By.xpath: //button[text()='Login']
20:58:23.758  INFO  manager.ListenerWD - After Find Element--->By.xpath: //button[text()='Login']
20:58:23.769  INFO  manager.ListenerWD - Location of element(568, 390)
20:58:23.808  INFO  manager.ListenerWD - Before Find ElementS--->By.xpath: //button[text()='Sign Out']
20:58:24.082  INFO  manager.ListenerWD - After Find ElementS--->By.xpath: //button[text()='Sign Out']
20:58:24.082  INFO  manager.ListenerWD - list of elements is --->1
20:58:24.083  INFO  tests.TestBase - Assert check is Element button 'Sing out' present
20:58:24.084  INFO  tests.TestBase - Name off method --->loginSuccessModel
20:58:24.086  INFO  manager.ListenerWD - Before Find ElementS--->By.xpath: //button[text()='Sign Out']
20:58:24.107  INFO  manager.ListenerWD - After Find ElementS--->By.xpath: //button[text()='Sign Out']
20:58:24.107  INFO  manager.ListenerWD - list of elements is --->1
20:58:24.107  INFO  manager.ListenerWD - Before Find Element--->By.xpath: //button[text()='Sign Out']
20:58:24.128  INFO  manager.ListenerWD - After Find Element--->By.xpath: //button[text()='Sign Out']
20:58:24.143  INFO  manager.ListenerWD - Location of element(1412, 39)
20:58:24.199  INFO  tests.TestBase - Before method finish logout
20:58:24.202  INFO  tests.TestBase - Test data ---> User{email='sonya@gmail.com', password='Ss12345$'}
20:58:24.202  INFO  manager.ListenerWD - Before Find Element--->By.cssSelector: a[href='/login']
20:58:24.227  INFO  manager.ListenerWD - After Find Element--->By.cssSelector: a[href='/login']
20:58:24.242  INFO  manager.ListenerWD - Location of element(1425, 33)
20:58:24.294  INFO  manager.ListenerWD - Before Find Element--->By.name: email
20:58:24.312  INFO  manager.ListenerWD - After Find Element--->By.name: email
20:58:24.326  INFO  manager.ListenerWD - Location of element(568, 250)
20:58:24.542  INFO  manager.ListenerWD - Before Find Element--->By.xpath: //input[last()]
20:58:24.560  INFO  manager.ListenerWD - After Find Element--->By.xpath: //input[last()]
20:58:24.573  INFO  manager.ListenerWD - Location of element(568, 320)
20:58:24.753  INFO  manager.ListenerWD - Before Find Element--->By.xpath: //button[text()='Login']
20:58:24.770  INFO  manager.ListenerWD - After Find Element--->By.xpath: //button[text()='Login']
20:58:24.781  INFO  manager.ListenerWD - Location of element(568, 390)
20:58:24.821  INFO  manager.ListenerWD - Before Find ElementS--->By.xpath: //button[text()='Sign Out']
20:58:25.086  INFO  manager.ListenerWD - After Find ElementS--->By.xpath: //button[text()='Sign Out']
20:58:25.087  INFO  manager.ListenerWD - list of elements is --->1
20:58:25.087  INFO  tests.TestBase - Assert check is Element button 'Sing out' present
20:58:25.092  INFO  tests.TestBase - Name off method --->loginSuccessModelDP
20:58:25.093  INFO  manager.ListenerWD - Before Find ElementS--->By.xpath: //button[text()='Sign Out']
20:58:25.118  INFO  manager.ListenerWD - After Find ElementS--->By.xpath: //button[text()='Sign Out']
20:58:25.118  INFO  manager.ListenerWD - list of elements is --->1
20:58:25.119  INFO  manager.ListenerWD - Before Find Element--->By.xpath: //button[text()='Sign Out']
20:58:25.138  INFO  manager.ListenerWD - After Find Element--->By.xpath: //button[text()='Sign Out']
20:58:25.150  INFO  manager.ListenerWD - Location of element(1412, 39)
20:58:25.204  INFO  tests.TestBase - Before method finish logout
20:58:25.207  INFO  tests.TestBase - Test data ---> User{email='noa@gmail.com', password='Nnoa12345$'}
20:58:25.207  INFO  manager.ListenerWD - Before Find Element--->By.cssSelector: a[href='/login']
20:58:25.229  INFO  manager.ListenerWD - After Find Element--->By.cssSelector: a[href='/login']
20:58:25.242  INFO  manager.ListenerWD - Location of element(1425, 33)
20:58:25.290  INFO  manager.ListenerWD - Before Find Element--->By.name: email
20:58:25.309  INFO  manager.ListenerWD - After Find Element--->By.name: email
20:58:25.323  INFO  manager.ListenerWD - Location of element(568, 250)
20:58:25.527  INFO  manager.ListenerWD - Before Find Element--->By.xpath: //input[last()]
20:58:25.546  INFO  manager.ListenerWD - After Find Element--->By.xpath: //input[last()]
20:58:25.561  INFO  manager.ListenerWD - Location of element(568, 320)
20:58:25.765  INFO  manager.ListenerWD - Before Find Element--->By.xpath: //button[text()='Login']
20:58:25.781  INFO  manager.ListenerWD - After Find Element--->By.xpath: //button[text()='Login']
20:58:25.792  INFO  manager.ListenerWD - Location of element(568, 390)
20:58:25.837  INFO  manager.ListenerWD - Before Find ElementS--->By.xpath: //button[text()='Sign Out']
20:58:26.108  INFO  manager.ListenerWD - After Find ElementS--->By.xpath: //button[text()='Sign Out']
20:58:26.108  INFO  manager.ListenerWD - list of elements is --->1
20:58:26.108  INFO  tests.TestBase - Assert check is Element button 'Sing out' present
20:58:26.110  INFO  tests.TestBase - Name off method --->loginSuccessModelDP
20:58:26.112  INFO  manager.ListenerWD - Before Find ElementS--->By.xpath: //button[text()='Sign Out']
20:58:26.128  INFO  manager.ListenerWD - After Find ElementS--->By.xpath: //button[text()='Sign Out']
20:58:26.129  INFO  manager.ListenerWD - list of elements is --->1
20:58:26.130  INFO  manager.ListenerWD - Before Find Element--->By.xpath: //button[text()='Sign Out']
20:58:26.148  INFO  manager.ListenerWD - After Find Element--->By.xpath: //button[text()='Sign Out']
20:58:26.160  INFO  manager.ListenerWD - Location of element(1412, 39)
20:58:26.215  INFO  tests.TestBase - Before method finish logout
20:58:26.216  INFO  tests.TestBase - Test data ---> User{email='sonya@gmail.com', password='Ss12345$'}
20:58:26.217  INFO  manager.ListenerWD - Before Find Element--->By.cssSelector: a[href='/login']
20:58:26.238  INFO  manager.ListenerWD - After Find Element--->By.cssSelector: a[href='/login']
20:58:26.251  INFO  manager.ListenerWD - Location of element(1425, 33)
20:58:26.295  INFO  manager.ListenerWD - Before Find Element--->By.name: email
20:58:26.313  INFO  manager.ListenerWD - After Find Element--->By.name: email
20:58:26.327  INFO  manager.ListenerWD - Location of element(568, 250)
20:58:26.541  INFO  manager.ListenerWD - Before Find Element--->By.xpath: //input[last()]
20:58:26.560  INFO  manager.ListenerWD - After Find Element--->By.xpath: //input[last()]
20:58:26.571  INFO  manager.ListenerWD - Location of element(568, 320)
20:58:26.782  INFO  manager.ListenerWD - Before Find Element--->By.xpath: //button[text()='Login']
20:58:26.802  INFO  manager.ListenerWD - After Find Element--->By.xpath: //button[text()='Login']
20:58:26.815  INFO  manager.ListenerWD - Location of element(568, 390)
20:58:26.863  INFO  manager.ListenerWD - Before Find ElementS--->By.xpath: //button[text()='Sign Out']
20:58:27.135  INFO  manager.ListenerWD - After Find ElementS--->By.xpath: //button[text()='Sign Out']
20:58:27.135  INFO  manager.ListenerWD - list of elements is --->1
20:58:27.136  INFO  tests.TestBase - Assert check is Element button 'Sing out' present
20:58:27.138  INFO  tests.TestBase - Name off method --->loginUnregisteredUser
20:58:27.140  INFO  manager.ListenerWD - Before Find ElementS--->By.xpath: //button[text()='Sign Out']
20:58:27.159  INFO  manager.ListenerWD - After Find ElementS--->By.xpath: //button[text()='Sign Out']
20:58:27.159  INFO  manager.ListenerWD - list of elements is --->1
20:58:27.159  INFO  manager.ListenerWD - Before Find Element--->By.xpath: //button[text()='Sign Out']
20:58:27.177  INFO  manager.ListenerWD - After Find Element--->By.xpath: //button[text()='Sign Out']
20:58:27.191  INFO  manager.ListenerWD - Location of element(1412, 39)
20:58:27.248  INFO  tests.TestBase - Before method finish logout
20:58:27.250  INFO  tests.TestBase - Test data ---> email: 'pop@gmail.com' & password : 'Pop12345$'
20:58:27.251  INFO  manager.ListenerWD - Before Find Element--->By.cssSelector: a[href='/login']
20:58:27.273  INFO  manager.ListenerWD - After Find Element--->By.cssSelector: a[href='/login']
20:58:27.287  INFO  manager.ListenerWD - Location of element(1425, 33)
20:58:27.334  INFO  manager.ListenerWD - Before Find Element--->By.name: email
20:58:27.354  INFO  manager.ListenerWD - After Find Element--->By.name: email
20:58:27.368  INFO  manager.ListenerWD - Location of element(568, 250)
20:58:27.607  INFO  manager.ListenerWD - Before Find Element--->By.xpath: //input[last()]
20:58:27.630  INFO  manager.ListenerWD - After Find Element--->By.xpath: //input[last()]
20:58:27.647  INFO  manager.ListenerWD - Location of element(568, 320)
20:58:27.840  INFO  manager.ListenerWD - Before Find Element--->By.xpath: //button[text()='Login']
20:58:27.857  INFO  manager.ListenerWD - After Find Element--->By.xpath: //button[text()='Login']
20:58:27.869  INFO  manager.ListenerWD - Location of element(568, 390)
20:58:27.950  INFO  manager.ListenerWD - Huston we have a problem!
20:58:27.950  INFO  manager.ListenerWD - Object target  --->org.openqa.selenium.remote.RemoteWebDriver$RemoteTargetLocator@445bb139
20:58:27.950  INFO  manager.ListenerWD - ********************
20:58:27.950  INFO  manager.ListenerWD - Method name--->alert
20:58:27.950  INFO  manager.ListenerWD - ********************
20:58:27.950  INFO  manager.ListenerWD - ********************
20:58:27.950  INFO  manager.ListenerWD - ********************
20:58:27.952  INFO  manager.ListenerWD - InvocationTargetException3 & getTargetException--->org.openqa.selenium.NoAlertPresentException: no such alert
  (Session info: chrome=112.0.5615.138)
Build info: version: '4.7.0', revision: '0a5b49d16f'
System info: os.name: 'Windows 11', os.arch: 'amd64', os.version: '10.0', java.version: '1.8.0_361'
Driver info: org.openqa.selenium.chrome.ChromeDriver
Command: [f80c7d7b08e96ac48ce7d8df54d0625c, getAlertText {}]
Capabilities {acceptInsecureCerts: false, browserName: chrome, browserVersion: 112.0.5615.138, chrome: {chromedriverVersion: 112.0.5615.49 (bd2a7bcb881c..., userDataDir: C:\Users\Toxa32\AppData\Loc...}, goog:chromeOptions: {debuggerAddress: localhost:61570}, networkConnectionEnabled: false, pageLoadStrategy: normal, platformName: WINDOWS, proxy: Proxy(), se:cdp: ws://localhost:61570/devtoo..., se:cdpVersion: 112.0.5615.138, setWindowRect: true, strictFileInteractability: false, timeouts: {implicit: 0, pageLoad: 300000, script: 30000}, unhandledPromptBehavior: dismiss and notify, webauthn:extension:credBlob: true, webauthn:extension:largeBlob: true, webauthn:extension:minPinLength: true, webauthn:extension:prf: true, webauthn:virtualAuthenticators: true}
Session ID: f80c7d7b08e96ac48ce7d8df54d0625c
20:58:27.953  INFO  manager.ListenerWD - ********************
20:58:27.953  INFO  manager.ListenerWD - Screen with error is --->src/test/screenshots/screen_1984.png
20:58:28.486  INFO  tests.TestBase - Assert check is alert present with error text 'Wrong email or password'
20:58:28.488  INFO  tests.TestBase - Name off method --->loginWrongEmail
20:58:28.490  INFO  manager.ListenerWD - Before Find ElementS--->By.xpath: //button[text()='Sign Out']
20:58:33.535  INFO  manager.ListenerWD - After Find ElementS--->By.xpath: //button[text()='Sign Out']
20:58:33.536  INFO  manager.ListenerWD - list of elements is --->0
20:58:33.536  INFO  tests.TestBase - Test data ---> email: 'noagmail.com' & password : 'Nnoa12345$'
20:58:33.536  INFO  manager.ListenerWD - Before Find Element--->By.cssSelector: a[href='/login']
20:58:33.554  INFO  manager.ListenerWD - After Find Element--->By.cssSelector: a[href='/login']
20:58:33.564  INFO  manager.ListenerWD - Location of element(1425, 33)
20:58:33.605  INFO  manager.ListenerWD - Before Find Element--->By.name: email
20:58:33.624  INFO  manager.ListenerWD - After Find Element--->By.name: email
20:58:33.640  INFO  manager.ListenerWD - Location of element(568, 281)
20:58:33.877  INFO  manager.ListenerWD - Before Find Element--->By.xpath: //input[last()]
20:58:33.895  INFO  manager.ListenerWD - After Find Element--->By.xpath: //input[last()]
20:58:33.908  INFO  manager.ListenerWD - Location of element(568, 351)
20:58:34.123  INFO  manager.ListenerWD - Before Find Element--->By.xpath: //button[text()='Login']
20:58:34.141  INFO  manager.ListenerWD - After Find Element--->By.xpath: //button[text()='Login']
20:58:34.156  INFO  manager.ListenerWD - Location of element(568, 421)
20:58:34.215  INFO  manager.ListenerWD - Huston we have a problem!
20:58:34.215  INFO  manager.ListenerWD - Object target  --->org.openqa.selenium.remote.RemoteWebDriver$RemoteTargetLocator@650ae78c
20:58:34.215  INFO  manager.ListenerWD - ********************
20:58:34.215  INFO  manager.ListenerWD - Method name--->alert
20:58:34.215  INFO  manager.ListenerWD - ********************
20:58:34.215  INFO  manager.ListenerWD - ********************
20:58:34.215  INFO  manager.ListenerWD - ********************
20:58:34.216  INFO  manager.ListenerWD - InvocationTargetException3 & getTargetException--->org.openqa.selenium.NoAlertPresentException: no such alert
  (Session info: chrome=112.0.5615.138)
Build info: version: '4.7.0', revision: '0a5b49d16f'
System info: os.name: 'Windows 11', os.arch: 'amd64', os.version: '10.0', java.version: '1.8.0_361'
Driver info: org.openqa.selenium.chrome.ChromeDriver
Command: [f80c7d7b08e96ac48ce7d8df54d0625c, getAlertText {}]
Capabilities {acceptInsecureCerts: false, browserName: chrome, browserVersion: 112.0.5615.138, chrome: {chromedriverVersion: 112.0.5615.49 (bd2a7bcb881c..., userDataDir: C:\Users\Toxa32\AppData\Loc...}, goog:chromeOptions: {debuggerAddress: localhost:61570}, networkConnectionEnabled: false, pageLoadStrategy: normal, platformName: WINDOWS, proxy: Proxy(), se:cdp: ws://localhost:61570/devtoo..., se:cdpVersion: 112.0.5615.138, setWindowRect: true, strictFileInteractability: false, timeouts: {implicit: 0, pageLoad: 300000, script: 30000}, unhandledPromptBehavior: dismiss and notify, webauthn:extension:credBlob: true, webauthn:extension:largeBlob: true, webauthn:extension:minPinLength: true, webauthn:extension:prf: true, webauthn:virtualAuthenticators: true}
Session ID: f80c7d7b08e96ac48ce7d8df54d0625c
20:58:34.216  INFO  manager.ListenerWD - ********************
20:58:34.216  INFO  manager.ListenerWD - Screen with error is --->src/test/screenshots/screen_1465.png
20:58:34.759  INFO  tests.TestBase - Assert check is alert present with error text 'Wrong email or password'
20:58:34.762  INFO  tests.TestBase - Name off method --->loginWrongPassword
20:58:34.764  INFO  manager.ListenerWD - Before Find ElementS--->By.xpath: //button[text()='Sign Out']
20:58:39.795  INFO  manager.ListenerWD - After Find ElementS--->By.xpath: //button[text()='Sign Out']
20:58:39.795  INFO  manager.ListenerWD - list of elements is --->0
20:58:39.796  INFO  tests.TestBase - Test data ---> email: 'noa@gmail.com' & password : 'Nnoa12'
20:58:39.796  INFO  manager.ListenerWD - Before Find Element--->By.cssSelector: a[href='/login']
20:58:39.813  INFO  manager.ListenerWD - After Find Element--->By.cssSelector: a[href='/login']
20:58:39.826  INFO  manager.ListenerWD - Location of element(1425, 33)
20:58:39.862  INFO  manager.ListenerWD - Before Find Element--->By.name: email
20:58:39.888  INFO  manager.ListenerWD - After Find Element--->By.name: email
20:58:39.902  INFO  manager.ListenerWD - Location of element(568, 281)
20:58:40.135  INFO  manager.ListenerWD - Before Find Element--->By.xpath: //input[last()]
20:58:40.152  INFO  manager.ListenerWD - After Find Element--->By.xpath: //input[last()]
20:58:40.164  INFO  manager.ListenerWD - Location of element(568, 351)
20:58:40.377  INFO  manager.ListenerWD - Before Find Element--->By.xpath: //button[text()='Login']
20:58:40.410  INFO  manager.ListenerWD - After Find Element--->By.xpath: //button[text()='Login']
20:58:40.423  INFO  manager.ListenerWD - Location of element(568, 421)
20:58:40.479  INFO  manager.ListenerWD - Huston we have a problem!
20:58:40.479  INFO  manager.ListenerWD - Object target  --->org.openqa.selenium.remote.RemoteWebDriver$RemoteTargetLocator@6232ffdb
20:58:40.480  INFO  manager.ListenerWD - ********************
20:58:40.480  INFO  manager.ListenerWD - Method name--->alert
20:58:40.480  INFO  manager.ListenerWD - ********************
20:58:40.480  INFO  manager.ListenerWD - ********************
20:58:40.480  INFO  manager.ListenerWD - ********************
20:58:40.480  INFO  manager.ListenerWD - InvocationTargetException3 & getTargetException--->org.openqa.selenium.NoAlertPresentException: no such alert
  (Session info: chrome=112.0.5615.138)
Build info: version: '4.7.0', revision: '0a5b49d16f'
System info: os.name: 'Windows 11', os.arch: 'amd64', os.version: '10.0', java.version: '1.8.0_361'
Driver info: org.openqa.selenium.chrome.ChromeDriver
Command: [f80c7d7b08e96ac48ce7d8df54d0625c, getAlertText {}]
Capabilities {acceptInsecureCerts: false, browserName: chrome, browserVersion: 112.0.5615.138, chrome: {chromedriverVersion: 112.0.5615.49 (bd2a7bcb881c..., userDataDir: C:\Users\Toxa32\AppData\Loc...}, goog:chromeOptions: {debuggerAddress: localhost:61570}, networkConnectionEnabled: false, pageLoadStrategy: normal, platformName: WINDOWS, proxy: Proxy(), se:cdp: ws://localhost:61570/devtoo..., se:cdpVersion: 112.0.5615.138, setWindowRect: true, strictFileInteractability: false, timeouts: {implicit: 0, pageLoad: 300000, script: 30000}, unhandledPromptBehavior: dismiss and notify, webauthn:extension:credBlob: true, webauthn:extension:largeBlob: true, webauthn:extension:minPinLength: true, webauthn:extension:prf: true, webauthn:virtualAuthenticators: true}
Session ID: f80c7d7b08e96ac48ce7d8df54d0625c
20:58:40.481  INFO  manager.ListenerWD - ********************
20:58:40.481  INFO  manager.ListenerWD - Screen with error is --->src/test/screenshots/screen_1284.png
20:58:41.014  INFO  tests.TestBase - Assert check is alert present with error text 'Wrong email or password'
20:58:41.023  INFO  manager.ListenerWD - Before Find ElementS--->By.xpath: //button[text()='Sign Out']
20:58:46.089  INFO  manager.ListenerWD - After Find ElementS--->By.xpath: //button[text()='Sign Out']
20:58:46.090  INFO  manager.ListenerWD - list of elements is --->0
20:58:46.090  INFO  manager.ListenerWD - Before Find Element--->By.xpath: //a[@class='active']
20:58:46.111  INFO  manager.ListenerWD - After Find Element--->By.xpath: //a[@class='active']
20:58:46.119  INFO  manager.ListenerWD - Location of element(1425, 33)
20:58:46.154  INFO  manager.ListenerWD - Before Find Element--->By.xpath: //input[@name='email']
20:58:46.180  INFO  manager.ListenerWD - After Find Element--->By.xpath: //input[@name='email']
20:58:46.192  INFO  manager.ListenerWD - Location of element(568, 281)
20:58:46.422  INFO  manager.ListenerWD - Before Find Element--->By.xpath: //input[@name='password']
20:58:46.444  INFO  manager.ListenerWD - After Find Element--->By.xpath: //input[@name='password']
20:58:46.459  INFO  manager.ListenerWD - Location of element(568, 351)
20:58:46.701  INFO  manager.ListenerWD - Before Find Element--->By.xpath: //button[text()='Login']
20:58:46.721  INFO  manager.ListenerWD - After Find Element--->By.xpath: //button[text()='Login']
20:58:46.737  INFO  manager.ListenerWD - Location of element(568, 421)
20:58:46.791  INFO  tests.TestBase - Name off method --->addContactSuccessAllFields
20:58:46.793  INFO  tests.TestBase - Tests run with data: --->Contact(name=Tony, lastname=Stark, phone=3434343434, email=stark@gmail.com, address=NY, description=all fields)
20:58:46.793  INFO  manager.ListenerWD - Before Find Element--->By.cssSelector: a[href='/add']
20:58:47.146  INFO  manager.ListenerWD - After Find Element--->By.cssSelector: a[href='/add']
20:58:47.160  INFO  manager.ListenerWD - Location of element(1191, 34)
20:58:47.227  INFO  manager.ListenerWD - Before Find Element--->By.xpath: //input[@placeholder='Name']
20:58:47.256  INFO  manager.ListenerWD - After Find Element--->By.xpath: //input[@placeholder='Name']
20:58:47.272  INFO  manager.ListenerWD - Location of element(242, 165)
20:58:47.462  INFO  manager.ListenerWD - Before Find Element--->By.xpath: //input[@placeholder='Last Name']
20:58:47.488  INFO  manager.ListenerWD - After Find Element--->By.xpath: //input[@placeholder='Last Name']
20:58:47.501  INFO  manager.ListenerWD - Location of element(242, 238)
20:58:47.680  INFO  manager.ListenerWD - Before Find Element--->By.xpath: //input[@placeholder='Phone']
20:58:47.702  INFO  manager.ListenerWD - After Find Element--->By.xpath: //input[@placeholder='Phone']
20:58:47.715  INFO  manager.ListenerWD - Location of element(242, 312)
20:58:47.907  INFO  manager.ListenerWD - Before Find Element--->By.cssSelector: input[placeholder='email']
20:58:47.930  INFO  manager.ListenerWD - After Find Element--->By.cssSelector: input[placeholder='email']
20:58:47.942  INFO  manager.ListenerWD - Location of element(242, 385)
20:58:48.145  INFO  manager.ListenerWD - Before Find Element--->By.xpath: //input[@placeholder='Address']
20:58:48.170  INFO  manager.ListenerWD - After Find Element--->By.xpath: //input[@placeholder='Address']
20:58:48.182  INFO  manager.ListenerWD - Location of element(242, 459)
20:58:48.358  INFO  manager.ListenerWD - Before Find Element--->By.xpath: //input[@placeholder='description']
20:58:48.385  INFO  manager.ListenerWD - After Find Element--->By.xpath: //input[@placeholder='description']
20:58:48.397  INFO  manager.ListenerWD - Location of element(242, 533)
20:58:48.593  INFO  manager.ListenerWD - Before Find Element--->By.cssSelector: .add_form__2rsm2>button
20:58:48.613  INFO  manager.ListenerWD - After Find Element--->By.cssSelector: .add_form__2rsm2>button
20:58:48.628  INFO  manager.ListenerWD - Location of element(245, 606)
20:58:48.810  INFO  manager.ListenerWD - Before Find Element--->By.cssSelector: .add_form__2rsm2>button
20:58:48.828  INFO  manager.ListenerWD - After Find Element--->By.cssSelector: .add_form__2rsm2>button
20:58:48.840  INFO  manager.ListenerWD - Location of element(245, 606)
20:58:48.887  INFO  manager.ListenerWD - Before Find ElementS--->By.cssSelector: h2
20:58:49.470  INFO  manager.ListenerWD - After Find ElementS--->By.cssSelector: h2
20:58:49.470  INFO  manager.ListenerWD - list of elements is --->3
20:58:49.521  INFO  manager.ListenerWD - Before Find ElementS--->By.cssSelector: h3
20:58:49.552  INFO  manager.ListenerWD - After Find ElementS--->By.cssSelector: h3
20:58:49.552  INFO  manager.ListenerWD - list of elements is --->3
20:58:49.602  INFO  tests.TestBase - Name off method --->addContactSuccessAllFields
20:58:49.604  INFO  tests.TestBase - Tests run with data: --->Contact(name=TonyReq, lastname=Stark, phone=3434343434, email=stark1@gmail.com, address=NY, description=null)
20:58:49.604  INFO  manager.ListenerWD - Before Find Element--->By.cssSelector: a[href='/add']
20:58:49.622  INFO  manager.ListenerWD - After Find Element--->By.cssSelector: a[href='/add']
20:58:49.631  INFO  manager.ListenerWD - Location of element(1204, 34)
20:58:49.684  INFO  manager.ListenerWD - Before Find Element--->By.xpath: //input[@placeholder='Name']
20:58:49.708  INFO  manager.ListenerWD - After Find Element--->By.xpath: //input[@placeholder='Name']
20:58:49.723  INFO  manager.ListenerWD - Location of element(242, 165)
20:58:49.943  INFO  manager.ListenerWD - Before Find Element--->By.xpath: //input[@placeholder='Last Name']
20:58:49.958  INFO  manager.ListenerWD - After Find Element--->By.xpath: //input[@placeholder='Last Name']
20:58:49.972  INFO  manager.ListenerWD - Location of element(242, 238)
20:58:50.171  INFO  manager.ListenerWD - Before Find Element--->By.xpath: //input[@placeholder='Phone']
20:58:50.189  INFO  manager.ListenerWD - After Find Element--->By.xpath: //input[@placeholder='Phone']
20:58:50.203  INFO  manager.ListenerWD - Location of element(242, 312)
20:58:50.408  INFO  manager.ListenerWD - Before Find Element--->By.cssSelector: input[placeholder='email']
20:58:50.426  INFO  manager.ListenerWD - After Find Element--->By.cssSelector: input[placeholder='email']
20:58:50.439  INFO  manager.ListenerWD - Location of element(242, 385)
20:58:50.648  INFO  manager.ListenerWD - Before Find Element--->By.xpath: //input[@placeholder='Address']
20:58:50.667  INFO  manager.ListenerWD - After Find Element--->By.xpath: //input[@placeholder='Address']
20:58:50.680  INFO  manager.ListenerWD - Location of element(242, 459)
20:58:50.842  INFO  manager.ListenerWD - Before Find Element--->By.xpath: //input[@placeholder='description']
20:58:50.856  INFO  manager.ListenerWD - After Find Element--->By.xpath: //input[@placeholder='description']
20:58:50.865  INFO  manager.ListenerWD - Location of element(242, 533)
20:58:50.988  INFO  manager.ListenerWD - Before Find Element--->By.cssSelector: .add_form__2rsm2>button
20:58:51.002  INFO  manager.ListenerWD - After Find Element--->By.cssSelector: .add_form__2rsm2>button
20:58:51.011  INFO  manager.ListenerWD - Location of element(245, 606)
20:58:51.104  INFO  manager.ListenerWD - Before Find Element--->By.cssSelector: .add_form__2rsm2>button
20:58:51.120  INFO  manager.ListenerWD - After Find Element--->By.cssSelector: .add_form__2rsm2>button
20:58:51.130  INFO  manager.ListenerWD - Location of element(245, 606)
20:58:51.167  INFO  manager.ListenerWD - Before Find ElementS--->By.cssSelector: h2
20:58:51.579  INFO  manager.ListenerWD - After Find ElementS--->By.cssSelector: h2
20:58:51.579  INFO  manager.ListenerWD - list of elements is --->4
20:58:51.649  INFO  manager.ListenerWD - Before Find ElementS--->By.cssSelector: h3
20:58:51.685  INFO  manager.ListenerWD - After Find ElementS--->By.cssSelector: h3
20:58:51.685  INFO  manager.ListenerWD - list of elements is --->4
20:58:51.752  INFO  tests.TestBase - Name off method --->addContactSuccessAllFieldsCSV
20:58:51.753  INFO  tests.TestBase - Tests run with data: --->Contact(name=Harry, lastname=Potter, phone=123456781234, email=harry@mail.com, address=NY, description=move)
20:58:51.753  INFO  manager.ListenerWD - Before Find Element--->By.cssSelector: a[href='/add']
20:58:51.770  INFO  manager.ListenerWD - After Find Element--->By.cssSelector: a[href='/add']
20:58:51.780  INFO  manager.ListenerWD - Location of element(1204, 34)
20:58:51.823  INFO  manager.ListenerWD - Before Find Element--->By.xpath: //input[@placeholder='Name']
20:58:51.841  INFO  manager.ListenerWD - After Find Element--->By.xpath: //input[@placeholder='Name']
20:58:51.855  INFO  manager.ListenerWD - Location of element(242, 165)
20:58:52.041  INFO  manager.ListenerWD - Before Find Element--->By.xpath: //input[@placeholder='Last Name']
20:58:52.060  INFO  manager.ListenerWD - After Find Element--->By.xpath: //input[@placeholder='Last Name']
20:58:52.073  INFO  manager.ListenerWD - Location of element(242, 238)
20:58:52.260  INFO  manager.ListenerWD - Before Find Element--->By.xpath: //input[@placeholder='Phone']
20:58:52.276  INFO  manager.ListenerWD - After Find Element--->By.xpath: //input[@placeholder='Phone']
20:58:52.289  INFO  manager.ListenerWD - Location of element(242, 312)
20:58:52.488  INFO  manager.ListenerWD - Before Find Element--->By.cssSelector: input[placeholder='email']
20:58:52.504  INFO  manager.ListenerWD - After Find Element--->By.cssSelector: input[placeholder='email']
20:58:52.516  INFO  manager.ListenerWD - Location of element(242, 385)
20:58:52.686  INFO  manager.ListenerWD - Before Find Element--->By.xpath: //input[@placeholder='Address']
20:58:52.701  INFO  manager.ListenerWD - After Find Element--->By.xpath: //input[@placeholder='Address']
20:58:52.711  INFO  manager.ListenerWD - Location of element(242, 459)
20:58:52.860  INFO  manager.ListenerWD - Before Find Element--->By.xpath: //input[@placeholder='description']
20:58:52.874  INFO  manager.ListenerWD - After Find Element--->By.xpath: //input[@placeholder='description']
20:58:52.886  INFO  manager.ListenerWD - Location of element(242, 533)
20:58:53.042  INFO  manager.ListenerWD - Before Find Element--->By.cssSelector: .add_form__2rsm2>button
20:58:53.055  INFO  manager.ListenerWD - After Find Element--->By.cssSelector: .add_form__2rsm2>button
20:58:53.063  INFO  manager.ListenerWD - Location of element(245, 606)
20:58:53.153  INFO  manager.ListenerWD - Before Find Element--->By.cssSelector: .add_form__2rsm2>button
20:58:53.167  INFO  manager.ListenerWD - After Find Element--->By.cssSelector: .add_form__2rsm2>button
20:58:53.175  INFO  manager.ListenerWD - Location of element(245, 606)
20:58:53.211  INFO  manager.ListenerWD - Before Find ElementS--->By.cssSelector: h2
20:58:53.626  INFO  manager.ListenerWD - After Find ElementS--->By.cssSelector: h2
20:58:53.627  INFO  manager.ListenerWD - list of elements is --->5
20:58:53.698  INFO  manager.ListenerWD - Before Find ElementS--->By.cssSelector: h3
20:58:53.728  INFO  manager.ListenerWD - After Find ElementS--->By.cssSelector: h3
20:58:53.728  INFO  manager.ListenerWD - list of elements is --->5
20:58:53.811  INFO  tests.TestBase - Name off method --->addContactSuccessAllFieldsCSV
20:58:53.811  INFO  tests.TestBase - Tests run with data: --->Contact(name=Molly, lastname=Potter, phone=123456781235, email=molly@mail.com, address=NY, description=move)
20:58:53.811  INFO  manager.ListenerWD - Before Find Element--->By.cssSelector: a[href='/add']
20:58:53.825  INFO  manager.ListenerWD - After Find Element--->By.cssSelector: a[href='/add']
20:58:53.833  INFO  manager.ListenerWD - Location of element(1204, 34)
20:58:53.868  INFO  manager.ListenerWD - Before Find Element--->By.xpath: //input[@placeholder='Name']
20:58:53.883  INFO  manager.ListenerWD - After Find Element--->By.xpath: //input[@placeholder='Name']
20:58:53.896  INFO  manager.ListenerWD - Location of element(242, 165)
20:58:54.054  INFO  manager.ListenerWD - Before Find Element--->By.xpath: //input[@placeholder='Last Name']
20:58:54.069  INFO  manager.ListenerWD - After Find Element--->By.xpath: //input[@placeholder='Last Name']
20:58:54.081  INFO  manager.ListenerWD - Location of element(242, 238)
20:58:54.246  INFO  manager.ListenerWD - Before Find Element--->By.xpath: //input[@placeholder='Phone']
20:58:54.260  INFO  manager.ListenerWD - After Find Element--->By.xpath: //input[@placeholder='Phone']
20:58:54.271  INFO  manager.ListenerWD - Location of element(242, 312)
20:58:54.439  INFO  manager.ListenerWD - Before Find Element--->By.cssSelector: input[placeholder='email']
20:58:54.454  INFO  manager.ListenerWD - After Find Element--->By.cssSelector: input[placeholder='email']
20:58:54.466  INFO  manager.ListenerWD - Location of element(242, 385)
20:58:54.629  INFO  manager.ListenerWD - Before Find Element--->By.xpath: //input[@placeholder='Address']
20:58:54.642  INFO  manager.ListenerWD - After Find Element--->By.xpath: //input[@placeholder='Address']
20:58:54.652  INFO  manager.ListenerWD - Location of element(242, 459)
20:58:54.811  INFO  manager.ListenerWD - Before Find Element--->By.xpath: //input[@placeholder='description']
20:58:54.823  INFO  manager.ListenerWD - After Find Element--->By.xpath: //input[@placeholder='description']
20:58:54.834  INFO  manager.ListenerWD - Location of element(242, 533)
20:58:54.982  INFO  manager.ListenerWD - Before Find Element--->By.cssSelector: .add_form__2rsm2>button
20:58:54.995  INFO  manager.ListenerWD - After Find Element--->By.cssSelector: .add_form__2rsm2>button
20:58:55.005  INFO  manager.ListenerWD - Location of element(245, 606)
20:58:55.086  INFO  manager.ListenerWD - Before Find Element--->By.cssSelector: .add_form__2rsm2>button
20:58:55.099  INFO  manager.ListenerWD - After Find Element--->By.cssSelector: .add_form__2rsm2>button
20:58:55.107  INFO  manager.ListenerWD - Location of element(245, 606)
20:58:55.145  INFO  manager.ListenerWD - Before Find ElementS--->By.cssSelector: h2
20:58:55.577  INFO  manager.ListenerWD - After Find ElementS--->By.cssSelector: h2
20:58:55.577  INFO  manager.ListenerWD - list of elements is --->6
20:58:55.673  INFO  manager.ListenerWD - Before Find ElementS--->By.cssSelector: h3
20:58:55.727  INFO  manager.ListenerWD - After Find ElementS--->By.cssSelector: h3
20:58:55.727  INFO  manager.ListenerWD - list of elements is --->6
20:58:55.826  INFO  tests.TestBase - Name off method --->addContactSuccessAllFieldsCSV
20:58:55.827  INFO  tests.TestBase - Tests run with data: --->Contact(name=Sara, lastname=Potter, phone=123456781236, email=sara@mail.com, address=NY, description=move)
20:58:55.827  INFO  manager.ListenerWD - Before Find Element--->By.cssSelector: a[href='/add']
20:58:55.842  INFO  manager.ListenerWD - After Find Element--->By.cssSelector: a[href='/add']
20:58:55.851  INFO  manager.ListenerWD - Location of element(1204, 34)
20:58:55.895  INFO  manager.ListenerWD - Before Find Element--->By.xpath: //input[@placeholder='Name']
20:58:55.912  INFO  manager.ListenerWD - After Find Element--->By.xpath: //input[@placeholder='Name']
20:58:55.925  INFO  manager.ListenerWD - Location of element(242, 165)
20:58:56.111  INFO  manager.ListenerWD - Before Find Element--->By.xpath: //input[@placeholder='Last Name']
20:58:56.136  INFO  manager.ListenerWD - After Find Element--->By.xpath: //input[@placeholder='Last Name']
20:58:56.154  INFO  manager.ListenerWD - Location of element(242, 238)
20:58:56.345  INFO  manager.ListenerWD - Before Find Element--->By.xpath: //input[@placeholder='Phone']
20:58:56.360  INFO  manager.ListenerWD - After Find Element--->By.xpath: //input[@placeholder='Phone']
20:58:56.374  INFO  manager.ListenerWD - Location of element(242, 312)
20:58:56.552  INFO  manager.ListenerWD - Before Find Element--->By.cssSelector: input[placeholder='email']
20:58:56.566  INFO  manager.ListenerWD - After Find Element--->By.cssSelector: input[placeholder='email']
20:58:56.577  INFO  manager.ListenerWD - Location of element(242, 385)
20:58:56.742  INFO  manager.ListenerWD - Before Find Element--->By.xpath: //input[@placeholder='Address']
20:58:56.755  INFO  manager.ListenerWD - After Find Element--->By.xpath: //input[@placeholder='Address']
20:58:56.765  INFO  manager.ListenerWD - Location of element(242, 459)
20:58:56.924  INFO  manager.ListenerWD - Before Find Element--->By.xpath: //input[@placeholder='description']
20:58:56.938  INFO  manager.ListenerWD - After Find Element--->By.xpath: //input[@placeholder='description']
20:58:56.949  INFO  manager.ListenerWD - Location of element(242, 533)
20:58:57.103  INFO  manager.ListenerWD - Before Find Element--->By.cssSelector: .add_form__2rsm2>button
20:58:57.117  INFO  manager.ListenerWD - After Find Element--->By.cssSelector: .add_form__2rsm2>button
20:58:57.127  INFO  manager.ListenerWD - Location of element(245, 606)
20:58:57.218  INFO  manager.ListenerWD - Before Find Element--->By.cssSelector: .add_form__2rsm2>button
20:58:57.232  INFO  manager.ListenerWD - After Find Element--->By.cssSelector: .add_form__2rsm2>button
20:58:57.239  INFO  manager.ListenerWD - Location of element(245, 606)
20:58:57.275  INFO  manager.ListenerWD - Before Find ElementS--->By.cssSelector: h2
20:58:57.704  INFO  manager.ListenerWD - After Find ElementS--->By.cssSelector: h2
20:58:57.704  INFO  manager.ListenerWD - list of elements is --->7
20:58:57.819  INFO  manager.ListenerWD - Before Find ElementS--->By.cssSelector: h3
20:58:57.857  INFO  manager.ListenerWD - After Find ElementS--->By.cssSelector: h3
20:58:57.857  INFO  manager.ListenerWD - list of elements is --->7
20:58:57.976  INFO  tests.TestBase - Name off method --->addContactSuccessRequiredFields
20:58:57.976  INFO  tests.TestBase - Tests run with data: --->Contact(name=TonyReq1896, lastname=Stark, phone=343434341896, email=stark1896@gmail.com, address=NY, description=null)
20:58:57.977  INFO  manager.ListenerWD - Before Find Element--->By.cssSelector: a[href='/add']
20:58:57.990  INFO  manager.ListenerWD - After Find Element--->By.cssSelector: a[href='/add']
20:58:57.999  INFO  manager.ListenerWD - Location of element(1204, 34)
20:58:58.032  INFO  manager.ListenerWD - Before Find Element--->By.xpath: //input[@placeholder='Name']
20:58:58.048  INFO  manager.ListenerWD - After Find Element--->By.xpath: //input[@placeholder='Name']
20:58:58.057  INFO  manager.ListenerWD - Location of element(242, 165)
20:58:58.220  INFO  manager.ListenerWD - Before Find Element--->By.xpath: //input[@placeholder='Last Name']
20:58:58.233  INFO  manager.ListenerWD - After Find Element--->By.xpath: //input[@placeholder='Last Name']
20:58:58.243  INFO  manager.ListenerWD - Location of element(242, 238)
20:58:58.395  INFO  manager.ListenerWD - Before Find Element--->By.xpath: //input[@placeholder='Phone']
20:58:58.410  INFO  manager.ListenerWD - After Find Element--->By.xpath: //input[@placeholder='Phone']
20:58:58.420  INFO  manager.ListenerWD - Location of element(242, 312)
20:58:58.584  INFO  manager.ListenerWD - Before Find Element--->By.cssSelector: input[placeholder='email']
20:58:58.598  INFO  manager.ListenerWD - After Find Element--->By.cssSelector: input[placeholder='email']
20:58:58.607  INFO  manager.ListenerWD - Location of element(242, 385)
20:58:58.777  INFO  manager.ListenerWD - Before Find Element--->By.xpath: //input[@placeholder='Address']
20:58:58.790  INFO  manager.ListenerWD - After Find Element--->By.xpath: //input[@placeholder='Address']
20:58:58.800  INFO  manager.ListenerWD - Location of element(242, 459)
20:58:58.952  INFO  manager.ListenerWD - Before Find Element--->By.xpath: //input[@placeholder='description']
20:58:58.968  INFO  manager.ListenerWD - After Find Element--->By.xpath: //input[@placeholder='description']
20:58:58.980  INFO  manager.ListenerWD - Location of element(242, 533)
20:58:59.109  INFO  manager.ListenerWD - Before Find Element--->By.cssSelector: .add_form__2rsm2>button
20:58:59.121  INFO  manager.ListenerWD - After Find Element--->By.cssSelector: .add_form__2rsm2>button
20:58:59.132  INFO  manager.ListenerWD - Location of element(245, 606)
20:58:59.218  INFO  manager.ListenerWD - Before Find Element--->By.cssSelector: .add_form__2rsm2>button
20:58:59.230  INFO  manager.ListenerWD - After Find Element--->By.cssSelector: .add_form__2rsm2>button
20:58:59.238  INFO  manager.ListenerWD - Location of element(245, 606)
20:58:59.274  INFO  manager.ListenerWD - Before Find ElementS--->By.cssSelector: h2
20:58:59.706  INFO  manager.ListenerWD - After Find ElementS--->By.cssSelector: h2
20:58:59.706  INFO  manager.ListenerWD - list of elements is --->8
20:58:59.870  INFO  manager.ListenerWD - Before Find ElementS--->By.cssSelector: h3
20:58:59.919  INFO  manager.ListenerWD - After Find ElementS--->By.cssSelector: h3
20:58:59.919  INFO  manager.ListenerWD - list of elements is --->8
20:59:00.049  INFO  tests.TestBase - Name off method --->addNewContactWrongAddress
20:59:00.049  INFO  tests.TestBase - Tests run with data: --->Contact(name=Tony, lastname=Stark, phone=3434343434, email=stark@gmail.com, address=, description=empty address)
20:59:00.049  INFO  manager.ListenerWD - Before Find Element--->By.cssSelector: a[href='/add']
20:59:00.062  INFO  manager.ListenerWD - After Find Element--->By.cssSelector: a[href='/add']
20:59:00.070  INFO  manager.ListenerWD - Location of element(1204, 34)
20:59:00.106  INFO  manager.ListenerWD - Before Find Element--->By.xpath: //input[@placeholder='Name']
20:59:00.119  INFO  manager.ListenerWD - After Find Element--->By.xpath: //input[@placeholder='Name']
20:59:00.129  INFO  manager.ListenerWD - Location of element(242, 165)
20:59:00.278  INFO  manager.ListenerWD - Before Find Element--->By.xpath: //input[@placeholder='Last Name']
20:59:00.290  INFO  manager.ListenerWD - After Find Element--->By.xpath: //input[@placeholder='Last Name']
20:59:00.300  INFO  manager.ListenerWD - Location of element(242, 238)
20:59:00.456  INFO  manager.ListenerWD - Before Find Element--->By.xpath: //input[@placeholder='Phone']
20:59:00.470  INFO  manager.ListenerWD - After Find Element--->By.xpath: //input[@placeholder='Phone']
20:59:00.481  INFO  manager.ListenerWD - Location of element(242, 312)
20:59:00.639  INFO  manager.ListenerWD - Before Find Element--->By.cssSelector: input[placeholder='email']
20:59:00.651  INFO  manager.ListenerWD - After Find Element--->By.cssSelector: input[placeholder='email']
20:59:00.661  INFO  manager.ListenerWD - Location of element(242, 385)
20:59:00.820  INFO  manager.ListenerWD - Before Find Element--->By.xpath: //input[@placeholder='Address']
20:59:00.832  INFO  manager.ListenerWD - After Find Element--->By.xpath: //input[@placeholder='Address']
20:59:00.842  INFO  manager.ListenerWD - Location of element(242, 459)
20:59:00.989  INFO  manager.ListenerWD - Before Find Element--->By.xpath: //input[@placeholder='description']
20:59:01.001  INFO  manager.ListenerWD - After Find Element--->By.xpath: //input[@placeholder='description']
20:59:01.011  INFO  manager.ListenerWD - Location of element(242, 533)
20:59:01.166  INFO  manager.ListenerWD - Before Find Element--->By.cssSelector: .add_form__2rsm2>button
20:59:01.178  INFO  manager.ListenerWD - After Find Element--->By.cssSelector: .add_form__2rsm2>button
20:59:01.187  INFO  manager.ListenerWD - Location of element(245, 606)
20:59:01.283  INFO  manager.ListenerWD - Before Find Element--->By.cssSelector: .add_form__2rsm2>button
20:59:01.294  INFO  manager.ListenerWD - After Find Element--->By.cssSelector: .add_form__2rsm2>button
20:59:01.303  INFO  manager.ListenerWD - Location of element(245, 606)
20:59:01.340  INFO  manager.ListenerWD - Before Find ElementS--->By.cssSelector: a.active[href='/add']
20:59:01.356  INFO  manager.ListenerWD - After Find ElementS--->By.cssSelector: a.active[href='/add']
20:59:01.356  INFO  manager.ListenerWD - list of elements is --->1
20:59:01.356  INFO  tests.TestBase - Name off method --->addNewContactWrongEmail
20:59:01.356  INFO  tests.TestBase - Tests run with data: --->Contact(name=Tony, lastname=Stark, phone=1234567891234, email=starkgmail.com, address=NY, description=wrong email)
20:59:01.357  INFO  manager.ListenerWD - Before Find Element--->By.cssSelector: a[href='/add']
20:59:01.368  INFO  manager.ListenerWD - After Find Element--->By.cssSelector: a[href='/add']
20:59:01.376  INFO  manager.ListenerWD - Location of element(1202, 33)
20:59:01.409  INFO  manager.ListenerWD - Before Find Element--->By.xpath: //input[@placeholder='Name']
20:59:01.421  INFO  manager.ListenerWD - After Find Element--->By.xpath: //input[@placeholder='Name']
20:59:01.428  INFO  manager.ListenerWD - Location of element(242, 165)
20:59:01.571  INFO  manager.ListenerWD - Before Find Element--->By.xpath: //input[@placeholder='Last Name']
20:59:01.584  INFO  manager.ListenerWD - After Find Element--->By.xpath: //input[@placeholder='Last Name']
20:59:01.592  INFO  manager.ListenerWD - Location of element(242, 238)
20:59:01.737  INFO  manager.ListenerWD - Before Find Element--->By.xpath: //input[@placeholder='Phone']
20:59:01.749  INFO  manager.ListenerWD - After Find Element--->By.xpath: //input[@placeholder='Phone']
20:59:01.756  INFO  manager.ListenerWD - Location of element(242, 312)
20:59:01.915  INFO  manager.ListenerWD - Before Find Element--->By.cssSelector: input[placeholder='email']
20:59:01.927  INFO  manager.ListenerWD - After Find Element--->By.cssSelector: input[placeholder='email']
20:59:01.934  INFO  manager.ListenerWD - Location of element(242, 385)
20:59:02.082  INFO  manager.ListenerWD - Before Find Element--->By.xpath: //input[@placeholder='Address']
20:59:02.095  INFO  manager.ListenerWD - After Find Element--->By.xpath: //input[@placeholder='Address']
20:59:02.103  INFO  manager.ListenerWD - Location of element(242, 459)
20:59:02.226  INFO  manager.ListenerWD - Before Find Element--->By.xpath: //input[@placeholder='description']
20:59:02.238  INFO  manager.ListenerWD - After Find Element--->By.xpath: //input[@placeholder='description']
20:59:02.245  INFO  manager.ListenerWD - Location of element(242, 533)
20:59:02.407  INFO  manager.ListenerWD - Before Find Element--->By.cssSelector: .add_form__2rsm2>button
20:59:02.419  INFO  manager.ListenerWD - After Find Element--->By.cssSelector: .add_form__2rsm2>button
20:59:02.427  INFO  manager.ListenerWD - Location of element(245, 606)
20:59:02.499  INFO  manager.ListenerWD - Before Find Element--->By.cssSelector: .add_form__2rsm2>button
20:59:02.511  INFO  manager.ListenerWD - After Find Element--->By.cssSelector: .add_form__2rsm2>button
20:59:02.520  INFO  manager.ListenerWD - Location of element(245, 606)
20:59:02.547  INFO  manager.ListenerWD - Before Find ElementS--->By.cssSelector: a.active[href='/add']
20:59:02.559  INFO  manager.ListenerWD - After Find ElementS--->By.cssSelector: a.active[href='/add']
20:59:02.559  INFO  manager.ListenerWD - list of elements is --->1
20:59:02.565  INFO  manager.ListenerWD - Huston we have a problem!
20:59:02.566  INFO  manager.ListenerWD - Object target  --->org.openqa.selenium.remote.RemoteWebDriver$RemoteTargetLocator@30afb481
20:59:02.566  INFO  manager.ListenerWD - ********************
20:59:02.566  INFO  manager.ListenerWD - Method name--->alert
20:59:02.566  INFO  manager.ListenerWD - ********************
20:59:02.566  INFO  manager.ListenerWD - ********************
20:59:02.566  INFO  manager.ListenerWD - ********************
20:59:02.566  INFO  manager.ListenerWD - InvocationTargetException3 & getTargetException--->org.openqa.selenium.NoAlertPresentException: no such alert
  (Session info: chrome=112.0.5615.138)
Build info: version: '4.7.0', revision: '0a5b49d16f'
System info: os.name: 'Windows 11', os.arch: 'amd64', os.version: '10.0', java.version: '1.8.0_361'
Driver info: org.openqa.selenium.chrome.ChromeDriver
Command: [f80c7d7b08e96ac48ce7d8df54d0625c, getAlertText {}]
Capabilities {acceptInsecureCerts: false, browserName: chrome, browserVersion: 112.0.5615.138, chrome: {chromedriverVersion: 112.0.5615.49 (bd2a7bcb881c..., userDataDir: C:\Users\Toxa32\AppData\Loc...}, goog:chromeOptions: {debuggerAddress: localhost:61570}, networkConnectionEnabled: false, pageLoadStrategy: normal, platformName: WINDOWS, proxy: Proxy(), se:cdp: ws://localhost:61570/devtoo..., se:cdpVersion: 112.0.5615.138, setWindowRect: true, strictFileInteractability: false, timeouts: {implicit: 0, pageLoad: 300000, script: 30000}, unhandledPromptBehavior: dismiss and notify, webauthn:extension:credBlob: true, webauthn:extension:largeBlob: true, webauthn:extension:minPinLength: true, webauthn:extension:prf: true, webauthn:virtualAuthenticators: true}
Session ID: f80c7d7b08e96ac48ce7d8df54d0625c
20:59:02.566  INFO  manager.ListenerWD - ********************
20:59:02.566  INFO  manager.ListenerWD - Screen with error is --->src/test/screenshots/screen_1745.png
20:59:03.094  INFO  tests.TestBase - Name off method --->addNewContactWrongLastName
20:59:03.094  INFO  tests.TestBase - Tests run with data: --->Contact(name=Tony, lastname=, phone=3434343434, email=stark@gmail.com, address=NY, description=empty last name)
20:59:03.096  INFO  manager.ListenerWD - Before Find Element--->By.cssSelector: a[href='/add']
20:59:03.111  INFO  manager.ListenerWD - After Find Element--->By.cssSelector: a[href='/add']
20:59:03.123  INFO  manager.ListenerWD - Location of element(1202, 33)
20:59:03.156  INFO  manager.ListenerWD - Before Find Element--->By.xpath: //input[@placeholder='Name']
20:59:03.174  INFO  manager.ListenerWD - After Find Element--->By.xpath: //input[@placeholder='Name']
20:59:03.184  INFO  manager.ListenerWD - Location of element(242, 165)
20:59:03.370  INFO  manager.ListenerWD - Before Find Element--->By.xpath: //input[@placeholder='Last Name']
20:59:03.386  INFO  manager.ListenerWD - After Find Element--->By.xpath: //input[@placeholder='Last Name']
20:59:03.396  INFO  manager.ListenerWD - Location of element(242, 238)
20:59:03.560  INFO  manager.ListenerWD - Before Find Element--->By.xpath: //input[@placeholder='Phone']
20:59:03.575  INFO  manager.ListenerWD - After Find Element--->By.xpath: //input[@placeholder='Phone']
20:59:03.585  INFO  manager.ListenerWD - Location of element(242, 312)
20:59:03.767  INFO  manager.ListenerWD - Before Find Element--->By.cssSelector: input[placeholder='email']
20:59:03.782  INFO  manager.ListenerWD - After Find Element--->By.cssSelector: input[placeholder='email']
20:59:03.791  INFO  manager.ListenerWD - Location of element(242, 385)
20:59:03.978  INFO  manager.ListenerWD - Before Find Element--->By.xpath: //input[@placeholder='Address']
20:59:03.993  INFO  manager.ListenerWD - After Find Element--->By.xpath: //input[@placeholder='Address']
20:59:04.002  INFO  manager.ListenerWD - Location of element(242, 459)
20:59:04.141  INFO  manager.ListenerWD - Before Find Element--->By.xpath: //input[@placeholder='description']
20:59:04.152  INFO  manager.ListenerWD - After Find Element--->By.xpath: //input[@placeholder='description']
20:59:04.159  INFO  manager.ListenerWD - Location of element(242, 533)
20:59:04.869  INFO  manager.ListenerWD - Before Find Element--->By.cssSelector: .add_form__2rsm2>button
20:59:04.886  INFO  manager.ListenerWD - After Find Element--->By.cssSelector: .add_form__2rsm2>button
20:59:04.893  INFO  manager.ListenerWD - Location of element(245, 606)
20:59:04.969  INFO  manager.ListenerWD - Before Find Element--->By.cssSelector: .add_form__2rsm2>button
20:59:04.982  INFO  manager.ListenerWD - After Find Element--->By.cssSelector: .add_form__2rsm2>button
20:59:04.990  INFO  manager.ListenerWD - Location of element(245, 606)
20:59:05.016  INFO  manager.ListenerWD - Before Find ElementS--->By.cssSelector: a.active[href='/add']
20:59:05.029  INFO  manager.ListenerWD - After Find ElementS--->By.cssSelector: a.active[href='/add']
20:59:05.029  INFO  manager.ListenerWD - list of elements is --->1
20:59:05.030  INFO  tests.TestBase - Name off method --->addNewContactWrongName
20:59:05.031  INFO  tests.TestBase - Tests run with data: --->Contact(name=, lastname=Stark, phone=34343434347, email=stark@gmail.com, address=NY, description=empty name)
20:59:05.031  INFO  manager.ListenerWD - Before Find Element--->By.cssSelector: a[href='/add']
20:59:05.042  INFO  manager.ListenerWD - After Find Element--->By.cssSelector: a[href='/add']
20:59:05.051  INFO  manager.ListenerWD - Location of element(1202, 33)
20:59:05.078  INFO  manager.ListenerWD - Before Find Element--->By.xpath: //input[@placeholder='Name']
20:59:05.091  INFO  manager.ListenerWD - After Find Element--->By.xpath: //input[@placeholder='Name']
20:59:05.098  INFO  manager.ListenerWD - Location of element(242, 165)
20:59:05.235  INFO  manager.ListenerWD - Before Find Element--->By.xpath: //input[@placeholder='Last Name']
20:59:05.247  INFO  manager.ListenerWD - After Find Element--->By.xpath: //input[@placeholder='Last Name']
20:59:05.253  INFO  manager.ListenerWD - Location of element(242, 238)
20:59:05.376  INFO  manager.ListenerWD - Before Find Element--->By.xpath: //input[@placeholder='Phone']
20:59:05.387  INFO  manager.ListenerWD - After Find Element--->By.xpath: //input[@placeholder='Phone']
20:59:05.395  INFO  manager.ListenerWD - Location of element(242, 312)
20:59:05.539  INFO  manager.ListenerWD - Before Find Element--->By.cssSelector: input[placeholder='email']
20:59:05.550  INFO  manager.ListenerWD - After Find Element--->By.cssSelector: input[placeholder='email']
20:59:05.557  INFO  manager.ListenerWD - Location of element(242, 385)
20:59:05.707  INFO  manager.ListenerWD - Before Find Element--->By.xpath: //input[@placeholder='Address']
20:59:05.720  INFO  manager.ListenerWD - After Find Element--->By.xpath: //input[@placeholder='Address']
20:59:05.728  INFO  manager.ListenerWD - Location of element(242, 459)
20:59:05.855  INFO  manager.ListenerWD - Before Find Element--->By.xpath: //input[@placeholder='description']
20:59:05.867  INFO  manager.ListenerWD - After Find Element--->By.xpath: //input[@placeholder='description']
20:59:05.874  INFO  manager.ListenerWD - Location of element(242, 533)
20:59:06.021  INFO  manager.ListenerWD - Before Find Element--->By.cssSelector: .add_form__2rsm2>button
20:59:06.033  INFO  manager.ListenerWD - After Find Element--->By.cssSelector: .add_form__2rsm2>button
20:59:06.041  INFO  manager.ListenerWD - Location of element(245, 606)
20:59:06.143  INFO  manager.ListenerWD - Before Find Element--->By.cssSelector: .add_form__2rsm2>button
20:59:06.156  INFO  manager.ListenerWD - After Find Element--->By.cssSelector: .add_form__2rsm2>button
20:59:06.165  INFO  manager.ListenerWD - Location of element(245, 606)
20:59:06.189  INFO  manager.ListenerWD - Before Find ElementS--->By.cssSelector: a.active[href='/add']
20:59:06.203  INFO  manager.ListenerWD - After Find ElementS--->By.cssSelector: a.active[href='/add']
20:59:06.203  INFO  manager.ListenerWD - list of elements is --->1
20:59:06.204  INFO  tests.TestBase - Name off method --->addNewContactWrongPhone
20:59:06.204  INFO  tests.TestBase - Tests run with data: --->Contact(name=John, lastname=Wick, phone=123, email=john@gmail.com, address=null, description=The best John)
20:59:06.204  INFO  manager.ListenerWD - Before Find Element--->By.cssSelector: a[href='/add']
20:59:06.216  INFO  manager.ListenerWD - After Find Element--->By.cssSelector: a[href='/add']
20:59:06.224  INFO  manager.ListenerWD - Location of element(1202, 33)
20:59:06.252  INFO  manager.ListenerWD - Before Find Element--->By.xpath: //input[@placeholder='Name']
20:59:06.264  INFO  manager.ListenerWD - After Find Element--->By.xpath: //input[@placeholder='Name']
20:59:06.271  INFO  manager.ListenerWD - Location of element(242, 165)
20:59:06.396  INFO  manager.ListenerWD - Before Find Element--->By.xpath: //input[@placeholder='Last Name']
20:59:06.407  INFO  manager.ListenerWD - After Find Element--->By.xpath: //input[@placeholder='Last Name']
20:59:06.415  INFO  manager.ListenerWD - Location of element(242, 238)
20:59:06.553  INFO  manager.ListenerWD - Before Find Element--->By.xpath: //input[@placeholder='Phone']
20:59:06.565  INFO  manager.ListenerWD - After Find Element--->By.xpath: //input[@placeholder='Phone']
20:59:06.572  INFO  manager.ListenerWD - Location of element(242, 312)
20:59:06.703  INFO  manager.ListenerWD - Before Find Element--->By.cssSelector: input[placeholder='email']
20:59:06.715  INFO  manager.ListenerWD - After Find Element--->By.cssSelector: input[placeholder='email']
20:59:06.722  INFO  manager.ListenerWD - Location of element(242, 385)
20:59:06.866  INFO  manager.ListenerWD - Before Find Element--->By.xpath: //input[@placeholder='Address']
20:59:06.877  INFO  manager.ListenerWD - After Find Element--->By.xpath: //input[@placeholder='Address']
20:59:06.885  INFO  manager.ListenerWD - Location of element(242, 459)
20:59:06.990  INFO  manager.ListenerWD - Before Find Element--->By.xpath: //input[@placeholder='description']
20:59:07.002  INFO  manager.ListenerWD - After Find Element--->By.xpath: //input[@placeholder='description']
20:59:07.010  INFO  manager.ListenerWD - Location of element(242, 533)
20:59:07.160  INFO  manager.ListenerWD - Before Find Element--->By.cssSelector: .add_form__2rsm2>button
20:59:07.172  INFO  manager.ListenerWD - After Find Element--->By.cssSelector: .add_form__2rsm2>button
20:59:07.180  INFO  manager.ListenerWD - Location of element(245, 606)
20:59:07.273  INFO  manager.ListenerWD - Before Find Element--->By.cssSelector: .add_form__2rsm2>button
20:59:07.285  INFO  manager.ListenerWD - After Find Element--->By.cssSelector: .add_form__2rsm2>button
20:59:07.292  INFO  manager.ListenerWD - Location of element(245, 606)
20:59:07.318  INFO  manager.ListenerWD - Before Find ElementS--->By.cssSelector: a.active[href='/add']
20:59:07.329  INFO  manager.ListenerWD - After Find ElementS--->By.cssSelector: a.active[href='/add']
20:59:07.329  INFO  manager.ListenerWD - list of elements is --->1
20:59:07.335  INFO  manager.ListenerWD - Huston we have a problem!
20:59:07.335  INFO  manager.ListenerWD - Object target  --->org.openqa.selenium.remote.RemoteWebDriver$RemoteTargetLocator@2fdf7da2
20:59:07.335  INFO  manager.ListenerWD - ********************
20:59:07.335  INFO  manager.ListenerWD - Method name--->alert
20:59:07.335  INFO  manager.ListenerWD - ********************
20:59:07.335  INFO  manager.ListenerWD - ********************
20:59:07.335  INFO  manager.ListenerWD - ********************
20:59:07.335  INFO  manager.ListenerWD - InvocationTargetException3 & getTargetException--->org.openqa.selenium.NoAlertPresentException: no such alert
  (Session info: chrome=112.0.5615.138)
Build info: version: '4.7.0', revision: '0a5b49d16f'
System info: os.name: 'Windows 11', os.arch: 'amd64', os.version: '10.0', java.version: '1.8.0_361'
Driver info: org.openqa.selenium.chrome.ChromeDriver
Command: [f80c7d7b08e96ac48ce7d8df54d0625c, getAlertText {}]
Capabilities {acceptInsecureCerts: false, browserName: chrome, browserVersion: 112.0.5615.138, chrome: {chromedriverVersion: 112.0.5615.49 (bd2a7bcb881c..., userDataDir: C:\Users\Toxa32\AppData\Loc...}, goog:chromeOptions: {debuggerAddress: localhost:61570}, networkConnectionEnabled: false, pageLoadStrategy: normal, platformName: WINDOWS, proxy: Proxy(), se:cdp: ws://localhost:61570/devtoo..., se:cdpVersion: 112.0.5615.138, setWindowRect: true, strictFileInteractability: false, timeouts: {implicit: 0, pageLoad: 300000, script: 30000}, unhandledPromptBehavior: dismiss and notify, webauthn:extension:credBlob: true, webauthn:extension:largeBlob: true, webauthn:extension:minPinLength: true, webauthn:extension:prf: true, webauthn:virtualAuthenticators: true}
Session ID: f80c7d7b08e96ac48ce7d8df54d0625c
20:59:07.335  INFO  manager.ListenerWD - ********************
20:59:07.335  INFO  manager.ListenerWD - Screen with error is --->src/test/screenshots/screen_1572.png
20:59:07.862  INFO  tests.TestBase - Name off method --->addNewContactWrongPhone
20:59:07.863  INFO  tests.TestBase - Tests run with data: --->Contact(name=John, lastname=Wick, phone=1235678910111213141516, email=john@gmail.com, address=null, description=The best John)
20:59:07.863  INFO  manager.ListenerWD - Before Find Element--->By.cssSelector: a[href='/add']
20:59:07.879  INFO  manager.ListenerWD - After Find Element--->By.cssSelector: a[href='/add']
20:59:07.892  INFO  manager.ListenerWD - Location of element(1202, 33)
20:59:07.934  INFO  manager.ListenerWD - Before Find Element--->By.xpath: //input[@placeholder='Name']
20:59:07.952  INFO  manager.ListenerWD - After Find Element--->By.xpath: //input[@placeholder='Name']
20:59:07.961  INFO  manager.ListenerWD - Location of element(242, 165)
20:59:08.165  INFO  manager.ListenerWD - Before Find Element--->By.xpath: //input[@placeholder='Last Name']
20:59:08.180  INFO  manager.ListenerWD - After Find Element--->By.xpath: //input[@placeholder='Last Name']
20:59:08.189  INFO  manager.ListenerWD - Location of element(242, 238)
20:59:08.362  INFO  manager.ListenerWD - Before Find Element--->By.xpath: //input[@placeholder='Phone']
20:59:08.378  INFO  manager.ListenerWD - After Find Element--->By.xpath: //input[@placeholder='Phone']
20:59:08.388  INFO  manager.ListenerWD - Location of element(242, 312)
20:59:08.584  INFO  manager.ListenerWD - Before Find Element--->By.cssSelector: input[placeholder='email']
20:59:08.599  INFO  manager.ListenerWD - After Find Element--->By.cssSelector: input[placeholder='email']
20:59:08.608  INFO  manager.ListenerWD - Location of element(242, 385)
20:59:08.774  INFO  manager.ListenerWD - Before Find Element--->By.xpath: //input[@placeholder='Address']
20:59:08.797  INFO  manager.ListenerWD - After Find Element--->By.xpath: //input[@placeholder='Address']
20:59:08.804  INFO  manager.ListenerWD - Location of element(242, 459)
20:59:08.896  INFO  manager.ListenerWD - Before Find Element--->By.xpath: //input[@placeholder='description']
20:59:08.910  INFO  manager.ListenerWD - After Find Element--->By.xpath: //input[@placeholder='description']
20:59:08.917  INFO  manager.ListenerWD - Location of element(242, 533)
20:59:09.059  INFO  manager.ListenerWD - Before Find Element--->By.cssSelector: .add_form__2rsm2>button
20:59:09.070  INFO  manager.ListenerWD - After Find Element--->By.cssSelector: .add_form__2rsm2>button
20:59:09.078  INFO  manager.ListenerWD - Location of element(245, 606)
20:59:09.164  INFO  manager.ListenerWD - Before Find Element--->By.cssSelector: .add_form__2rsm2>button
20:59:09.176  INFO  manager.ListenerWD - After Find Element--->By.cssSelector: .add_form__2rsm2>button
20:59:09.183  INFO  manager.ListenerWD - Location of element(245, 606)
20:59:09.208  INFO  manager.ListenerWD - Before Find ElementS--->By.cssSelector: a.active[href='/add']
20:59:09.220  INFO  manager.ListenerWD - After Find ElementS--->By.cssSelector: a.active[href='/add']
20:59:09.220  INFO  manager.ListenerWD - list of elements is --->1
20:59:09.225  INFO  manager.ListenerWD - Huston we have a problem!
20:59:09.226  INFO  manager.ListenerWD - Object target  --->org.openqa.selenium.remote.RemoteWebDriver$RemoteTargetLocator@163df259
20:59:09.226  INFO  manager.ListenerWD - ********************
20:59:09.226  INFO  manager.ListenerWD - Method name--->alert
20:59:09.226  INFO  manager.ListenerWD - ********************
20:59:09.226  INFO  manager.ListenerWD - ********************
20:59:09.226  INFO  manager.ListenerWD - ********************
20:59:09.226  INFO  manager.ListenerWD - InvocationTargetException3 & getTargetException--->org.openqa.selenium.NoAlertPresentException: no such alert
  (Session info: chrome=112.0.5615.138)
Build info: version: '4.7.0', revision: '0a5b49d16f'
System info: os.name: 'Windows 11', os.arch: 'amd64', os.version: '10.0', java.version: '1.8.0_361'
Driver info: org.openqa.selenium.chrome.ChromeDriver
Command: [f80c7d7b08e96ac48ce7d8df54d0625c, getAlertText {}]
Capabilities {acceptInsecureCerts: false, browserName: chrome, browserVersion: 112.0.5615.138, chrome: {chromedriverVersion: 112.0.5615.49 (bd2a7bcb881c..., userDataDir: C:\Users\Toxa32\AppData\Loc...}, goog:chromeOptions: {debuggerAddress: localhost:61570}, networkConnectionEnabled: false, pageLoadStrategy: normal, platformName: WINDOWS, proxy: Proxy(), se:cdp: ws://localhost:61570/devtoo..., se:cdpVersion: 112.0.5615.138, setWindowRect: true, strictFileInteractability: false, timeouts: {implicit: 0, pageLoad: 300000, script: 30000}, unhandledPromptBehavior: dismiss and notify, webauthn:extension:credBlob: true, webauthn:extension:largeBlob: true, webauthn:extension:minPinLength: true, webauthn:extension:prf: true, webauthn:virtualAuthenticators: true}
Session ID: f80c7d7b08e96ac48ce7d8df54d0625c
20:59:09.226  INFO  manager.ListenerWD - ********************
20:59:09.226  INFO  manager.ListenerWD - Screen with error is --->src/test/screenshots/screen_1702.png
20:59:09.765  INFO  tests.TestBase - Name off method --->addNewContactWrongPhone
20:59:09.766  INFO  tests.TestBase - Tests run with data: --->Contact(name=John, lastname=Wick, phone=wwwwwwwwwwwww, email=john@gmail.com, address=null, description=The best John)
20:59:09.767  INFO  manager.ListenerWD - Before Find Element--->By.cssSelector: a[href='/add']
20:59:09.788  INFO  manager.ListenerWD - After Find Element--->By.cssSelector: a[href='/add']
20:59:09.801  INFO  manager.ListenerWD - Location of element(1202, 33)
20:59:09.842  INFO  manager.ListenerWD - Before Find Element--->By.xpath: //input[@placeholder='Name']
20:59:09.857  INFO  manager.ListenerWD - After Find Element--->By.xpath: //input[@placeholder='Name']
20:59:09.868  INFO  manager.ListenerWD - Location of element(242, 165)
20:59:10.040  INFO  manager.ListenerWD - Before Find Element--->By.xpath: //input[@placeholder='Last Name']
20:59:10.056  INFO  manager.ListenerWD - After Find Element--->By.xpath: //input[@placeholder='Last Name']
20:59:10.065  INFO  manager.ListenerWD - Location of element(242, 238)
20:59:10.236  INFO  manager.ListenerWD - Before Find Element--->By.xpath: //input[@placeholder='Phone']
20:59:10.250  INFO  manager.ListenerWD - After Find Element--->By.xpath: //input[@placeholder='Phone']
20:59:10.258  INFO  manager.ListenerWD - Location of element(242, 312)
20:59:10.436  INFO  manager.ListenerWD - Before Find Element--->By.cssSelector: input[placeholder='email']
20:59:10.450  INFO  manager.ListenerWD - After Find Element--->By.cssSelector: input[placeholder='email']
20:59:10.458  INFO  manager.ListenerWD - Location of element(242, 385)
20:59:10.635  INFO  manager.ListenerWD - Before Find Element--->By.xpath: //input[@placeholder='Address']
20:59:10.650  INFO  manager.ListenerWD - After Find Element--->By.xpath: //input[@placeholder='Address']
20:59:10.659  INFO  manager.ListenerWD - Location of element(242, 459)
20:59:10.769  INFO  manager.ListenerWD - Before Find Element--->By.xpath: //input[@placeholder='description']
20:59:10.783  INFO  manager.ListenerWD - After Find Element--->By.xpath: //input[@placeholder='description']
20:59:10.791  INFO  manager.ListenerWD - Location of element(242, 533)
20:59:10.938  INFO  manager.ListenerWD - Before Find Element--->By.cssSelector: .add_form__2rsm2>button
20:59:10.949  INFO  manager.ListenerWD - After Find Element--->By.cssSelector: .add_form__2rsm2>button
20:59:10.957  INFO  manager.ListenerWD - Location of element(245, 606)
20:59:11.052  INFO  manager.ListenerWD - Before Find Element--->By.cssSelector: .add_form__2rsm2>button
20:59:11.087  INFO  manager.ListenerWD - After Find Element--->By.cssSelector: .add_form__2rsm2>button
20:59:11.096  INFO  manager.ListenerWD - Location of element(245, 606)
20:59:11.123  INFO  manager.ListenerWD - Before Find ElementS--->By.cssSelector: a.active[href='/add']
20:59:11.134  INFO  manager.ListenerWD - After Find ElementS--->By.cssSelector: a.active[href='/add']
20:59:11.134  INFO  manager.ListenerWD - list of elements is --->1
20:59:11.140  INFO  manager.ListenerWD - Huston we have a problem!
20:59:11.140  INFO  manager.ListenerWD - Object target  --->org.openqa.selenium.remote.RemoteWebDriver$RemoteTargetLocator@a6fc1bc
20:59:11.140  INFO  manager.ListenerWD - ********************
20:59:11.140  INFO  manager.ListenerWD - Method name--->alert
20:59:11.140  INFO  manager.ListenerWD - ********************
20:59:11.140  INFO  manager.ListenerWD - ********************
20:59:11.140  INFO  manager.ListenerWD - ********************
20:59:11.140  INFO  manager.ListenerWD - InvocationTargetException3 & getTargetException--->org.openqa.selenium.NoAlertPresentException: no such alert
  (Session info: chrome=112.0.5615.138)
Build info: version: '4.7.0', revision: '0a5b49d16f'
System info: os.name: 'Windows 11', os.arch: 'amd64', os.version: '10.0', java.version: '1.8.0_361'
Driver info: org.openqa.selenium.chrome.ChromeDriver
Command: [f80c7d7b08e96ac48ce7d8df54d0625c, getAlertText {}]
Capabilities {acceptInsecureCerts: false, browserName: chrome, browserVersion: 112.0.5615.138, chrome: {chromedriverVersion: 112.0.5615.49 (bd2a7bcb881c..., userDataDir: C:\Users\Toxa32\AppData\Loc...}, goog:chromeOptions: {debuggerAddress: localhost:61570}, networkConnectionEnabled: false, pageLoadStrategy: normal, platformName: WINDOWS, proxy: Proxy(), se:cdp: ws://localhost:61570/devtoo..., se:cdpVersion: 112.0.5615.138, setWindowRect: true, strictFileInteractability: false, timeouts: {implicit: 0, pageLoad: 300000, script: 30000}, unhandledPromptBehavior: dismiss and notify, webauthn:extension:credBlob: true, webauthn:extension:largeBlob: true, webauthn:extension:minPinLength: true, webauthn:extension:prf: true, webauthn:virtualAuthenticators: true}
Session ID: f80c7d7b08e96ac48ce7d8df54d0625c
20:59:11.141  INFO  manager.ListenerWD - ********************
20:59:11.141  INFO  manager.ListenerWD - Screen with error is --->src/test/screenshots/screen_1308.png
20:59:11.662  INFO  tests.TestBase - Name off method --->addNewContactWrongPhone
20:59:11.664  INFO  tests.TestBase - Tests run with data: --->Contact(name=John, lastname=Wick, phone=, email=john@gmail.com, address=null, description=The best John)
20:59:11.665  INFO  manager.ListenerWD - Before Find Element--->By.cssSelector: a[href='/add']
20:59:11.683  INFO  manager.ListenerWD - After Find Element--->By.cssSelector: a[href='/add']
20:59:11.692  INFO  manager.ListenerWD - Location of element(1202, 33)
20:59:11.726  INFO  manager.ListenerWD - Before Find Element--->By.xpath: //input[@placeholder='Name']
20:59:11.743  INFO  manager.ListenerWD - After Find Element--->By.xpath: //input[@placeholder='Name']
20:59:11.754  INFO  manager.ListenerWD - Location of element(242, 165)
20:59:11.925  INFO  manager.ListenerWD - Before Find Element--->By.xpath: //input[@placeholder='Last Name']
20:59:11.940  INFO  manager.ListenerWD - After Find Element--->By.xpath: //input[@placeholder='Last Name']
20:59:11.949  INFO  manager.ListenerWD - Location of element(242, 238)
20:59:12.118  INFO  manager.ListenerWD - Before Find Element--->By.xpath: //input[@placeholder='Phone']
20:59:12.133  INFO  manager.ListenerWD - After Find Element--->By.xpath: //input[@placeholder='Phone']
20:59:12.143  INFO  manager.ListenerWD - Location of element(242, 312)
20:59:12.309  INFO  manager.ListenerWD - Before Find Element--->By.cssSelector: input[placeholder='email']
20:59:12.324  INFO  manager.ListenerWD - After Find Element--->By.cssSelector: input[placeholder='email']
20:59:12.335  INFO  manager.ListenerWD - Location of element(242, 385)
20:59:12.508  INFO  manager.ListenerWD - Before Find Element--->By.xpath: //input[@placeholder='Address']
20:59:12.520  INFO  manager.ListenerWD - After Find Element--->By.xpath: //input[@placeholder='Address']
20:59:12.528  INFO  manager.ListenerWD - Location of element(242, 459)
20:59:12.623  INFO  manager.ListenerWD - Before Find Element--->By.xpath: //input[@placeholder='description']
20:59:12.634  INFO  manager.ListenerWD - After Find Element--->By.xpath: //input[@placeholder='description']
20:59:12.642  INFO  manager.ListenerWD - Location of element(242, 533)
20:59:12.785  INFO  manager.ListenerWD - Before Find Element--->By.cssSelector: .add_form__2rsm2>button
20:59:12.798  INFO  manager.ListenerWD - After Find Element--->By.cssSelector: .add_form__2rsm2>button
20:59:12.806  INFO  manager.ListenerWD - Location of element(245, 606)
20:59:12.907  INFO  manager.ListenerWD - Before Find Element--->By.cssSelector: .add_form__2rsm2>button
20:59:12.918  INFO  manager.ListenerWD - After Find Element--->By.cssSelector: .add_form__2rsm2>button
20:59:12.926  INFO  manager.ListenerWD - Location of element(245, 606)
20:59:12.950  INFO  manager.ListenerWD - Before Find ElementS--->By.cssSelector: a.active[href='/add']
20:59:12.961  INFO  manager.ListenerWD - After Find ElementS--->By.cssSelector: a.active[href='/add']
20:59:12.961  INFO  manager.ListenerWD - list of elements is --->1
20:59:12.967  INFO  manager.ListenerWD - Huston we have a problem!
20:59:12.967  INFO  manager.ListenerWD - Object target  --->org.openqa.selenium.remote.RemoteWebDriver$RemoteTargetLocator@42403dc6
20:59:12.967  INFO  manager.ListenerWD - ********************
20:59:12.967  INFO  manager.ListenerWD - Method name--->alert
20:59:12.967  INFO  manager.ListenerWD - ********************
20:59:12.967  INFO  manager.ListenerWD - ********************
20:59:12.967  INFO  manager.ListenerWD - ********************
20:59:12.967  INFO  manager.ListenerWD - InvocationTargetException3 & getTargetException--->org.openqa.selenium.NoAlertPresentException: no such alert
  (Session info: chrome=112.0.5615.138)
Build info: version: '4.7.0', revision: '0a5b49d16f'
System info: os.name: 'Windows 11', os.arch: 'amd64', os.version: '10.0', java.version: '1.8.0_361'
Driver info: org.openqa.selenium.chrome.ChromeDriver
Command: [f80c7d7b08e96ac48ce7d8df54d0625c, getAlertText {}]
Capabilities {acceptInsecureCerts: false, browserName: chrome, browserVersion: 112.0.5615.138, chrome: {chromedriverVersion: 112.0.5615.49 (bd2a7bcb881c..., userDataDir: C:\Users\Toxa32\AppData\Loc...}, goog:chromeOptions: {debuggerAddress: localhost:61570}, networkConnectionEnabled: false, pageLoadStrategy: normal, platformName: WINDOWS, proxy: Proxy(), se:cdp: ws://localhost:61570/devtoo..., se:cdpVersion: 112.0.5615.138, setWindowRect: true, strictFileInteractability: false, timeouts: {implicit: 0, pageLoad: 300000, script: 30000}, unhandledPromptBehavior: dismiss and notify, webauthn:extension:credBlob: true, webauthn:extension:largeBlob: true, webauthn:extension:minPinLength: true, webauthn:extension:prf: true, webauthn:virtualAuthenticators: true}
Session ID: f80c7d7b08e96ac48ce7d8df54d0625c
20:59:12.967  INFO  manager.ListenerWD - ********************
20:59:12.967  INFO  manager.ListenerWD - Screen with error is --->src/test/screenshots/screen_1011.png
