20:17:47.983  INFO  manager.ApplicationManager - All tests run in Chrome browser
20:17:49.938  INFO  manager.ApplicationManager - The link --->https://telranedu.web.app/login
20:17:49.957  INFO  manager.ListenerWD - Before Find ElementS--->By.xpath: //button[text()='Sign Out']
20:17:55.009  INFO  manager.ListenerWD - After Find ElementS--->By.xpath: //button[text()='Sign Out']
20:17:55.009  INFO  manager.ListenerWD - list of elements is --->0
20:17:55.009  INFO  manager.ListenerWD - Before Find Element--->By.xpath: //a[@class='active']
20:17:55.037  INFO  manager.ListenerWD - After Find Element--->By.xpath: //a[@class='active']
20:17:55.068  INFO  manager.ListenerWD - Location of element(1425, 33)
20:17:55.108  INFO  manager.ListenerWD - Before Find Element--->By.xpath: //input[@name='email']
20:17:55.128  INFO  manager.ListenerWD - After Find Element--->By.xpath: //input[@name='email']
20:17:55.138  INFO  manager.ListenerWD - Location of element(568, 250)
20:17:55.284  INFO  manager.ListenerWD - Before Find Element--->By.xpath: //input[@name='password']
20:17:55.306  INFO  manager.ListenerWD - After Find Element--->By.xpath: //input[@name='password']
20:17:55.315  INFO  manager.ListenerWD - Location of element(568, 320)
20:17:55.452  INFO  manager.ListenerWD - Before Find Element--->By.xpath: //button[text()='Login']
20:17:55.472  INFO  manager.ListenerWD - After Find Element--->By.xpath: //button[text()='Login']
20:17:55.483  INFO  manager.ListenerWD - Location of element(568, 390)
20:17:55.518  INFO  tests.TestBase - Before method finish logout
20:17:55.535  INFO  tests.TestBase - Name off method --->addContactSuccessAllFields
20:17:55.553  INFO  tests.TestBase - Start test with name 'addContactSuccessAllFields'
20:17:55.553  INFO  tests.TestBase - Test data ---> Name: 'Tony' & LastName : 'Stark'
20:17:55.554  INFO  manager.ListenerWD - Before Find Element--->By.cssSelector: a[href='/add']
20:17:56.524  INFO  manager.ListenerWD - After Find Element--->By.cssSelector: a[href='/add']
20:17:56.533  INFO  manager.ListenerWD - Location of element(1191, 34)
20:17:56.568  INFO  manager.ListenerWD - Before Find Element--->By.xpath: //input[@placeholder='Name']
20:17:56.590  INFO  manager.ListenerWD - After Find Element--->By.xpath: //input[@placeholder='Name']
20:17:56.601  INFO  manager.ListenerWD - Location of element(242, 165)
20:17:56.732  INFO  manager.ListenerWD - Before Find Element--->By.xpath: //input[@placeholder='Last Name']
20:17:56.753  INFO  manager.ListenerWD - After Find Element--->By.xpath: //input[@placeholder='Last Name']
20:17:56.762  INFO  manager.ListenerWD - Location of element(242, 238)
20:17:56.892  INFO  manager.ListenerWD - Before Find Element--->By.xpath: //input[@placeholder='Phone']
20:17:56.911  INFO  manager.ListenerWD - After Find Element--->By.xpath: //input[@placeholder='Phone']
20:17:56.920  INFO  manager.ListenerWD - Location of element(242, 312)
20:17:57.052  INFO  manager.ListenerWD - Before Find Element--->By.cssSelector: input[placeholder='email']
20:17:57.073  INFO  manager.ListenerWD - After Find Element--->By.cssSelector: input[placeholder='email']
20:17:57.083  INFO  manager.ListenerWD - Location of element(242, 385)
20:17:57.224  INFO  manager.ListenerWD - Before Find Element--->By.xpath: //input[@placeholder='Address']
20:17:57.244  INFO  manager.ListenerWD - After Find Element--->By.xpath: //input[@placeholder='Address']
20:17:57.255  INFO  manager.ListenerWD - Location of element(242, 459)
20:17:57.386  INFO  manager.ListenerWD - Before Find Element--->By.xpath: //input[@placeholder='description']
20:17:57.402  INFO  manager.ListenerWD - After Find Element--->By.xpath: //input[@placeholder='description']
20:17:57.412  INFO  manager.ListenerWD - Location of element(242, 533)
20:17:57.546  INFO  manager.ListenerWD - Before Find Element--->By.cssSelector: .add_form__2rsm2>button
20:17:57.562  INFO  manager.ListenerWD - After Find Element--->By.cssSelector: .add_form__2rsm2>button
20:17:57.571  INFO  manager.ListenerWD - Location of element(245, 606)
20:17:57.714  INFO  manager.ListenerWD - Before Find Element--->By.cssSelector: .add_form__2rsm2>button
20:17:57.731  INFO  manager.ListenerWD - After Find Element--->By.cssSelector: .add_form__2rsm2>button
20:17:57.738  INFO  manager.ListenerWD - Location of element(245, 606)
20:17:57.766  INFO  manager.ListenerWD - Before Find ElementS--->By.cssSelector: h2
20:17:58.109  INFO  manager.ListenerWD - After Find ElementS--->By.cssSelector: h2
20:17:58.109  INFO  manager.ListenerWD - list of elements is --->0
20:17:58.109  INFO  tests.TestBase - Name off method --->addContactSuccessAllFields
20:17:58.109  INFO  tests.TestBase - Start test with name 'addContactSuccessAllFields'
20:17:58.109  INFO  tests.TestBase - Test data ---> Name: 'Tony' & LastName : 'Stark'
20:17:58.109  INFO  manager.ListenerWD - Before Find Element--->By.cssSelector: a[href='/add']
20:17:58.125  INFO  manager.ListenerWD - Huston we have a problem!
20:17:58.126  INFO  manager.ListenerWD - Object target  --->ChromeDriver: chrome on WINDOWS (8e1ab348c771f5827f9cc00f650d97dd)
20:17:58.126  INFO  manager.ListenerWD - ********************
20:17:58.127  INFO  manager.ListenerWD - Method name--->findElement
20:17:58.127  INFO  manager.ListenerWD - ********************
20:17:58.127  INFO  manager.ListenerWD - ********************
20:17:58.127  INFO  manager.ListenerWD - ********************
20:17:58.128  INFO  manager.ListenerWD - InvocationTargetException3 & getTargetException--->org.openqa.selenium.UnhandledAlertException: unexpected alert open: {Alert text :  Phone not valid: Phone number must contain only digits! And length min 10, max 15!}
  (Session info: chrome=112.0.5615.121):  Phone not valid: Phone number must contain only digits! And length min 10, max 15!
Build info: version: '4.7.0', revision: '0a5b49d16f'
System info: os.name: 'Windows 11', os.arch: 'amd64', os.version: '10.0', java.version: '11.0.18'
Driver info: org.openqa.selenium.chrome.ChromeDriver
Command: [8e1ab348c771f5827f9cc00f650d97dd, findElement {using=css selector, value=a[href='/add']}]
Capabilities {acceptInsecureCerts: false, browserName: chrome, browserVersion: 112.0.5615.121, chrome: {chromedriverVersion: 112.0.5615.49 (bd2a7bcb881c..., userDataDir: C:\Users\Toxa32\AppData\Loc...}, goog:chromeOptions: {debuggerAddress: localhost:61119}, networkConnectionEnabled: false, pageLoadStrategy: normal, platformName: WINDOWS, proxy: Proxy(), se:cdp: ws://localhost:61119/devtoo..., se:cdpVersion: 112.0.5615.121, setWindowRect: true, strictFileInteractability: false, timeouts: {implicit: 0, pageLoad: 300000, script: 30000}, unhandledPromptBehavior: dismiss and notify, webauthn:extension:credBlob: true, webauthn:extension:largeBlob: true, webauthn:extension:minPinLength: true, webauthn:extension:prf: true, webauthn:virtualAuthenticators: true}
Session ID: 8e1ab348c771f5827f9cc00f650d97dd
20:17:58.129  INFO  manager.ListenerWD - ********************
20:17:58.132  INFO  manager.ListenerWD - Screen with error is --->src/test/screenshots/screen_1195.png
