20:38:15.518  INFO  manager.ApplicationManager - All tests run in Chrome browser
20:38:17.536  INFO  manager.ApplicationManager - The link --->https://telranedu.web.app/login
20:38:17.553  INFO  manager.ListenerWD - Before Find ElementS--->By.xpath: //button[text()='Sign Out']
20:38:22.622  INFO  manager.ListenerWD - After Find ElementS--->By.xpath: //button[text()='Sign Out']
20:38:22.624  INFO  manager.ListenerWD - list of elements is --->0
20:38:22.628  INFO  manager.ListenerWD - Before Find Element--->By.xpath: //a[@class='active']
20:38:22.653  INFO  manager.ListenerWD - After Find Element--->By.xpath: //a[@class='active']
20:38:22.676  INFO  manager.ListenerWD - Location of element(1425, 33)
20:38:22.716  INFO  manager.ListenerWD - Before Find Element--->By.xpath: //input[@name='email']
20:38:22.738  INFO  manager.ListenerWD - After Find Element--->By.xpath: //input[@name='email']
20:38:22.747  INFO  manager.ListenerWD - Location of element(568, 250)
20:38:22.902  INFO  manager.ListenerWD - Before Find Element--->By.xpath: //input[@name='password']
20:38:22.920  INFO  manager.ListenerWD - After Find Element--->By.xpath: //input[@name='password']
20:38:22.928  INFO  manager.ListenerWD - Location of element(568, 320)
20:38:23.070  INFO  manager.ListenerWD - Before Find Element--->By.xpath: //button[text()='Login']
20:38:23.088  INFO  manager.ListenerWD - After Find Element--->By.xpath: //button[text()='Login']
20:38:23.099  INFO  manager.ListenerWD - Location of element(568, 390)
20:38:23.149  INFO  tests.TestBase - Name off method --->addContactSuccessAllFields
20:38:23.168  INFO  tests.TestBase - Tests run with data: --->Contact(name=Tony, lastname=Stark, phone=34343434, email=stark@gmail.com, address=NY, description=all fields)
20:38:23.168  INFO  manager.ListenerWD - Before Find Element--->By.cssSelector: a[href='/add']
20:38:24.123  INFO  manager.ListenerWD - After Find Element--->By.cssSelector: a[href='/add']
20:38:24.135  INFO  manager.ListenerWD - Location of element(1191, 34)
20:38:24.169  INFO  manager.ListenerWD - Before Find Element--->By.xpath: //input[@placeholder='Name']
20:38:24.193  INFO  manager.ListenerWD - After Find Element--->By.xpath: //input[@placeholder='Name']
20:38:24.204  INFO  manager.ListenerWD - Location of element(242, 165)
20:38:24.342  INFO  manager.ListenerWD - Before Find Element--->By.xpath: //input[@placeholder='Last Name']
20:38:24.362  INFO  manager.ListenerWD - After Find Element--->By.xpath: //input[@placeholder='Last Name']
20:38:24.373  INFO  manager.ListenerWD - Location of element(242, 238)
20:38:24.506  INFO  manager.ListenerWD - Before Find Element--->By.xpath: //input[@placeholder='Phone']
20:38:24.522  INFO  manager.ListenerWD - After Find Element--->By.xpath: //input[@placeholder='Phone']
20:38:24.532  INFO  manager.ListenerWD - Location of element(242, 312)
20:38:24.663  INFO  manager.ListenerWD - Before Find Element--->By.cssSelector: input[placeholder='email']
20:38:24.682  INFO  manager.ListenerWD - After Find Element--->By.cssSelector: input[placeholder='email']
20:38:24.693  INFO  manager.ListenerWD - Location of element(242, 385)
20:38:24.836  INFO  manager.ListenerWD - Before Find Element--->By.xpath: //input[@placeholder='Address']
20:38:24.854  INFO  manager.ListenerWD - After Find Element--->By.xpath: //input[@placeholder='Address']
20:38:24.864  INFO  manager.ListenerWD - Location of element(242, 459)
20:38:24.992  INFO  manager.ListenerWD - Before Find Element--->By.xpath: //input[@placeholder='description']
20:38:25.009  INFO  manager.ListenerWD - After Find Element--->By.xpath: //input[@placeholder='description']
20:38:25.021  INFO  manager.ListenerWD - Location of element(242, 533)
20:38:25.159  INFO  manager.ListenerWD - Before Find Element--->By.cssSelector: .add_form__2rsm2>button
20:38:25.175  INFO  manager.ListenerWD - After Find Element--->By.cssSelector: .add_form__2rsm2>button
20:38:25.185  INFO  manager.ListenerWD - Location of element(245, 606)
20:38:25.286  INFO  manager.ListenerWD - Before Find Element--->By.cssSelector: .add_form__2rsm2>button
20:38:25.301  INFO  manager.ListenerWD - After Find Element--->By.cssSelector: .add_form__2rsm2>button
20:38:25.310  INFO  manager.ListenerWD - Location of element(245, 606)
20:38:25.343  INFO  manager.ListenerWD - Before Find ElementS--->By.cssSelector: h2
20:38:25.666  INFO  manager.ListenerWD - After Find ElementS--->By.cssSelector: h2
20:38:25.666  INFO  manager.ListenerWD - list of elements is --->0
20:38:25.671  INFO  tests.TestBase - Name off method --->addContactSuccessAllFields
20:38:25.672  INFO  tests.TestBase - Tests run with data: --->Contact(name=TonyReq, lastname=Stark, phone=34343434, email=stark1@gmail.com, address=NY, description=null)
20:38:25.672  INFO  manager.ListenerWD - Before Find Element--->By.cssSelector: a[href='/add']
20:38:25.687  INFO  manager.ListenerWD - Huston we have a problem!
20:38:25.688  INFO  manager.ListenerWD - Object target  --->ChromeDriver: chrome on WINDOWS (626c7d098d3d23dade7d823bbc3104d9)
20:38:25.688  INFO  manager.ListenerWD - ********************
20:38:25.688  INFO  manager.ListenerWD - Method name--->findElement
20:38:25.689  INFO  manager.ListenerWD - ********************
20:38:25.689  INFO  manager.ListenerWD - ********************
20:38:25.689  INFO  manager.ListenerWD - ********************
20:38:25.690  INFO  manager.ListenerWD - InvocationTargetException3 & getTargetException--->org.openqa.selenium.UnhandledAlertException: unexpected alert open: {Alert text :  Phone not valid: Phone number must contain only digits! And length min 10, max 15!}
  (Session info: chrome=112.0.5615.121):  Phone not valid: Phone number must contain only digits! And length min 10, max 15!
Build info: version: '4.7.0', revision: '0a5b49d16f'
System info: os.name: 'Windows 11', os.arch: 'amd64', os.version: '10.0', java.version: '11.0.18'
Driver info: org.openqa.selenium.chrome.ChromeDriver
Command: [626c7d098d3d23dade7d823bbc3104d9, findElement {using=css selector, value=a[href='/add']}]
Capabilities {acceptInsecureCerts: false, browserName: chrome, browserVersion: 112.0.5615.121, chrome: {chromedriverVersion: 112.0.5615.49 (bd2a7bcb881c..., userDataDir: C:\Users\Toxa32\AppData\Loc...}, goog:chromeOptions: {debuggerAddress: localhost:62740}, networkConnectionEnabled: false, pageLoadStrategy: normal, platformName: WINDOWS, proxy: Proxy(), se:cdp: ws://localhost:62740/devtoo..., se:cdpVersion: 112.0.5615.121, setWindowRect: true, strictFileInteractability: false, timeouts: {implicit: 0, pageLoad: 300000, script: 30000}, unhandledPromptBehavior: dismiss and notify, webauthn:extension:credBlob: true, webauthn:extension:largeBlob: true, webauthn:extension:minPinLength: true, webauthn:extension:prf: true, webauthn:virtualAuthenticators: true}
Session ID: 626c7d098d3d23dade7d823bbc3104d9
20:38:25.691  INFO  manager.ListenerWD - ********************
20:38:25.695  INFO  manager.ListenerWD - Screen with error is --->src/test/screenshots/screen_1649.png
