22:34:05.373  INFO  manager.ApplicationManager - All tests run in Chrome browser
22:34:08.362  INFO  manager.ApplicationManager - The link --->https://telranedu.web.app/login
22:34:08.396  INFO  tests.TestBase - Name off method --->loginSuccessModel
22:34:08.399  INFO  manager.ListenerWD - Before Find ElementS--->By.xpath: //button[text()='Sign Out']
22:34:13.411  INFO  manager.ListenerWD - After Find ElementS--->By.xpath: //button[text()='Sign Out']
22:34:13.413  INFO  manager.ListenerWD - list of elements is --->0
22:34:13.415  INFO  tests.TestBase - Test data ---> email: 'noa@gmail.com' & password : 'Nnoa12345$'
22:34:13.425  INFO  manager.ListenerWD - Before Find Element--->By.cssSelector: a[href='/login']
22:34:13.448  INFO  manager.ListenerWD - After Find Element--->By.cssSelector: a[href='/login']
22:34:13.461  INFO  manager.ListenerWD - Location of element(1425, 33)
22:34:13.504  INFO  manager.ListenerWD - Before Find Element--->By.name: email
22:34:13.526  INFO  manager.ListenerWD - After Find Element--->By.name: email
22:34:13.534  INFO  manager.ListenerWD - Location of element(568, 250)
22:34:13.681  INFO  manager.ListenerWD - Before Find Element--->By.xpath: //input[last()]
22:34:13.703  INFO  manager.ListenerWD - After Find Element--->By.xpath: //input[last()]
22:34:13.713  INFO  manager.ListenerWD - Location of element(568, 320)
22:34:13.858  INFO  manager.ListenerWD - Before Find Element--->By.xpath: //button[text()='Login']
22:34:13.876  INFO  manager.ListenerWD - After Find Element--->By.xpath: //button[text()='Login']
22:34:13.886  INFO  manager.ListenerWD - Location of element(568, 390)
22:34:13.920  INFO  manager.ListenerWD - Before Find ElementS--->By.xpath: //button[text()='Sign Out']
22:34:14.939  INFO  manager.ListenerWD - After Find ElementS--->By.xpath: //button[text()='Sign Out']
22:34:14.939  INFO  manager.ListenerWD - list of elements is --->1
22:34:14.942  INFO  tests.TestBase - Assert check is Element button 'Sing out' present
