20:32:04.021  INFO  manager.ApplicationManager - All tests run in Chrome browser
20:32:05.608  INFO  manager.ApplicationManager - The link --->https://telranedu.web.app/login
20:32:05.638  INFO  manager.ListenerWD - Before Find ElementS--->By.xpath: //button[text()='Sign Out']
20:32:10.655  INFO  manager.ListenerWD - After Find ElementS--->By.xpath: //button[text()='Sign Out']
20:32:10.655  INFO  manager.ListenerWD - list of elements is --->0
20:32:10.655  INFO  manager.ListenerWD - Before Find Element--->By.xpath: //a[@class='active']
20:32:10.678  INFO  manager.ListenerWD - After Find Element--->By.xpath: //a[@class='active']
20:32:10.710  INFO  manager.ListenerWD - Location of element(1425, 33)
20:32:10.755  INFO  manager.ListenerWD - Before Find Element--->By.xpath: //input[@name='email']
20:32:10.777  INFO  manager.ListenerWD - After Find Element--->By.xpath: //input[@name='email']
20:32:10.787  INFO  manager.ListenerWD - Location of element(568, 250)
20:32:10.942  INFO  manager.ListenerWD - Before Find Element--->By.xpath: //input[@name='password']
20:32:10.962  INFO  manager.ListenerWD - After Find Element--->By.xpath: //input[@name='password']
20:32:10.972  INFO  manager.ListenerWD - Location of element(568, 320)
20:32:11.113  INFO  manager.ListenerWD - Before Find Element--->By.xpath: //button[text()='Login']
20:32:11.133  INFO  manager.ListenerWD - After Find Element--->By.xpath: //button[text()='Login']
20:32:11.143  INFO  manager.ListenerWD - Location of element(568, 390)
20:32:11.192  INFO  tests.TestBase - Name off method --->addContactSuccessAllFields
20:32:11.211  INFO  tests.TestBase - Tests run with data: --->Contact(name=Tony, lastname=Stark, phone=34343434, email=stark@gmail.com, address=NY, description=all fields)
20:32:11.211  INFO  manager.ListenerWD - Before Find Element--->By.cssSelector: a[href='/add']
20:32:12.186  INFO  manager.ListenerWD - After Find Element--->By.cssSelector: a[href='/add']
20:32:12.197  INFO  manager.ListenerWD - Location of element(1191, 34)
20:32:12.234  INFO  manager.ListenerWD - Before Find Element--->By.xpath: //input[@placeholder='Name']
20:32:12.256  INFO  manager.ListenerWD - After Find Element--->By.xpath: //input[@placeholder='Name']
20:32:12.265  INFO  manager.ListenerWD - Location of element(242, 165)
20:32:12.404  INFO  manager.ListenerWD - Before Find Element--->By.xpath: //input[@placeholder='Last Name']
20:32:12.424  INFO  manager.ListenerWD - After Find Element--->By.xpath: //input[@placeholder='Last Name']
20:32:12.434  INFO  manager.ListenerWD - Location of element(242, 238)
20:32:12.567  INFO  manager.ListenerWD - Before Find Element--->By.xpath: //input[@placeholder='Phone']
20:32:12.585  INFO  manager.ListenerWD - After Find Element--->By.xpath: //input[@placeholder='Phone']
20:32:12.595  INFO  manager.ListenerWD - Location of element(242, 312)
20:32:12.731  INFO  manager.ListenerWD - Before Find Element--->By.cssSelector: input[placeholder='email']
20:32:12.750  INFO  manager.ListenerWD - After Find Element--->By.cssSelector: input[placeholder='email']
20:32:12.762  INFO  manager.ListenerWD - Location of element(242, 385)
20:32:12.911  INFO  manager.ListenerWD - Before Find Element--->By.xpath: //input[@placeholder='Address']
20:32:12.933  INFO  manager.ListenerWD - After Find Element--->By.xpath: //input[@placeholder='Address']
20:32:12.944  INFO  manager.ListenerWD - Location of element(242, 459)
20:32:13.079  INFO  manager.ListenerWD - Before Find Element--->By.xpath: //input[@placeholder='description']
20:32:13.098  INFO  manager.ListenerWD - After Find Element--->By.xpath: //input[@placeholder='description']
20:32:13.108  INFO  manager.ListenerWD - Location of element(242, 533)
20:32:13.250  INFO  manager.ListenerWD - Before Find Element--->By.cssSelector: .add_form__2rsm2>button
20:32:13.266  INFO  manager.ListenerWD - After Find Element--->By.cssSelector: .add_form__2rsm2>button
20:32:13.277  INFO  manager.ListenerWD - Location of element(245, 606)
20:32:13.385  INFO  manager.ListenerWD - Before Find Element--->By.cssSelector: .add_form__2rsm2>button
20:32:13.401  INFO  manager.ListenerWD - After Find Element--->By.cssSelector: .add_form__2rsm2>button
20:32:13.409  INFO  manager.ListenerWD - Location of element(245, 606)
20:32:13.453  INFO  manager.ListenerWD - Before Find ElementS--->By.cssSelector: h2
20:32:13.779  INFO  manager.ListenerWD - After Find ElementS--->By.cssSelector: h2
20:32:13.779  INFO  manager.ListenerWD - list of elements is --->0
20:32:13.782  INFO  tests.TestBase - Name off method --->addContactSuccessAllFields
20:32:13.782  INFO  tests.TestBase - Tests run with data: --->Contact(name=TonyReq, lastname=Stark, phone=34343434, email=stark1@gmail.com, address=NY, description=null)
20:32:13.782  INFO  manager.ListenerWD - Before Find Element--->By.cssSelector: a[href='/add']
20:32:13.801  INFO  manager.ListenerWD - Huston we have a problem!
20:32:13.801  INFO  manager.ListenerWD - Object target  --->ChromeDriver: chrome on WINDOWS (6a3d5c8f8619ad81086a4ad10fe006e9)
20:32:13.801  INFO  manager.ListenerWD - ********************
20:32:13.802  INFO  manager.ListenerWD - Method name--->findElement
20:32:13.802  INFO  manager.ListenerWD - ********************
20:32:13.802  INFO  manager.ListenerWD - ********************
20:32:13.802  INFO  manager.ListenerWD - ********************
20:32:13.803  INFO  manager.ListenerWD - InvocationTargetException3 & getTargetException--->org.openqa.selenium.UnhandledAlertException: unexpected alert open: {Alert text :  Phone not valid: Phone number must contain only digits! And length min 10, max 15!}
  (Session info: chrome=112.0.5615.121):  Phone not valid: Phone number must contain only digits! And length min 10, max 15!
Build info: version: '4.7.0', revision: '0a5b49d16f'
System info: os.name: 'Windows 11', os.arch: 'amd64', os.version: '10.0', java.version: '11.0.18'
Driver info: org.openqa.selenium.chrome.ChromeDriver
Command: [6a3d5c8f8619ad81086a4ad10fe006e9, findElement {using=css selector, value=a[href='/add']}]
Capabilities {acceptInsecureCerts: false, browserName: chrome, browserVersion: 112.0.5615.121, chrome: {chromedriverVersion: 112.0.5615.49 (bd2a7bcb881c..., userDataDir: C:\Users\Toxa32\AppData\Loc...}, goog:chromeOptions: {debuggerAddress: localhost:62055}, networkConnectionEnabled: false, pageLoadStrategy: normal, platformName: WINDOWS, proxy: Proxy(), se:cdp: ws://localhost:62055/devtoo..., se:cdpVersion: 112.0.5615.121, setWindowRect: true, strictFileInteractability: false, timeouts: {implicit: 0, pageLoad: 300000, script: 30000}, unhandledPromptBehavior: dismiss and notify, webauthn:extension:credBlob: true, webauthn:extension:largeBlob: true, webauthn:extension:minPinLength: true, webauthn:extension:prf: true, webauthn:virtualAuthenticators: true}
Session ID: 6a3d5c8f8619ad81086a4ad10fe006e9
20:32:13.804  INFO  manager.ListenerWD - ********************
20:32:13.807  INFO  manager.ListenerWD - Screen with error is --->src/test/screenshots/screen_1207.png
