22:48:07.067  INFO  manager.ApplicationManager - All tests run in Chrome browser
22:48:08.858  INFO  manager.ApplicationManager - The link --->https://telranedu.web.app/login
22:48:08.923  INFO  tests.TestBase - Name off method --->loginSuccess
22:48:08.925  INFO  manager.ListenerWD - Before Find ElementS--->By.xpath: //button[text()='Sign Out']
22:48:14.006  INFO  manager.ListenerWD - After Find ElementS--->By.xpath: //button[text()='Sign Out']
22:48:14.007  INFO  manager.ListenerWD - list of elements is --->0
22:48:14.010  INFO  tests.TestBase - Start test with name ' loginSuccess'
22:48:14.019  INFO  tests.TestBase - Test data ---> email: noa@gmail.com & password : Nnoa12345$
22:48:14.020  INFO  manager.ListenerWD - Before Find Element--->By.cssSelector: a[href='/login']
22:48:14.070  INFO  manager.ListenerWD - After Find Element--->By.cssSelector: a[href='/login']
22:48:14.089  INFO  manager.ListenerWD - Location of element(1425, 33)
22:48:14.148  INFO  manager.ListenerWD - Before Find Element--->By.name: email
22:48:14.178  INFO  manager.ListenerWD - After Find Element--->By.name: email
22:48:14.189  INFO  manager.ListenerWD - Location of element(568, 250)
22:48:14.380  INFO  manager.ListenerWD - Before Find Element--->By.xpath: //input[last()]
22:48:14.407  INFO  manager.ListenerWD - After Find Element--->By.xpath: //input[last()]
22:48:14.420  INFO  manager.ListenerWD - Location of element(568, 320)
22:48:14.603  INFO  manager.ListenerWD - Before Find Element--->By.xpath: //button[text()='Login']
22:48:14.630  INFO  manager.ListenerWD - After Find Element--->By.xpath: //button[text()='Login']
22:48:14.642  INFO  manager.ListenerWD - Location of element(568, 390)
22:48:14.687  INFO  manager.ListenerWD - Before Find ElementS--->By.xpath: //button[text()='Sign Out']
22:48:15.705  INFO  manager.ListenerWD - After Find ElementS--->By.xpath: //button[text()='Sign Out']
22:48:15.705  INFO  manager.ListenerWD - list of elements is --->1
22:48:15.710  INFO  tests.TestBase - Assert check is Element button 'Sing out' present
22:48:15.713  INFO  tests.TestBase - Name off method --->loginSuccess
22:48:15.715  INFO  manager.ListenerWD - Before Find ElementS--->By.xpath: //button[text()='Sign Out']
22:48:15.747  INFO  manager.ListenerWD - After Find ElementS--->By.xpath: //button[text()='Sign Out']
22:48:15.749  INFO  manager.ListenerWD - list of elements is --->1
22:48:15.749  INFO  manager.ListenerWD - Before Find Element--->By.xpath: //button[text()='Sign Out']
22:48:15.790  INFO  manager.ListenerWD - After Find Element--->By.xpath: //button[text()='Sign Out']
22:48:15.805  INFO  manager.ListenerWD - Location of element(1412, 39)
22:48:15.855  INFO  tests.TestBase - Before method finish logout
22:48:15.856  INFO  tests.TestBase - Start test with name ' loginSuccess'
22:48:15.858  INFO  tests.TestBase - Test data ---> email: sonya@gmail.com & password : Ss12345$
22:48:15.858  INFO  manager.ListenerWD - Before Find Element--->By.cssSelector: a[href='/login']
22:48:15.883  INFO  manager.ListenerWD - After Find Element--->By.cssSelector: a[href='/login']
22:48:15.898  INFO  manager.ListenerWD - Location of element(1425, 33)
22:48:15.947  INFO  manager.ListenerWD - Before Find Element--->By.name: email
22:48:15.969  INFO  manager.ListenerWD - After Find Element--->By.name: email
22:48:15.983  INFO  manager.ListenerWD - Location of element(568, 250)
22:48:16.233  INFO  manager.ListenerWD - Before Find Element--->By.xpath: //input[last()]
22:48:16.257  INFO  manager.ListenerWD - After Find Element--->By.xpath: //input[last()]
22:48:16.272  INFO  manager.ListenerWD - Location of element(568, 320)
22:48:16.515  INFO  manager.ListenerWD - Before Find Element--->By.xpath: //button[text()='Login']
22:48:16.538  INFO  manager.ListenerWD - After Find Element--->By.xpath: //button[text()='Login']
22:48:16.553  INFO  manager.ListenerWD - Location of element(568, 390)
22:48:16.603  INFO  manager.ListenerWD - Before Find ElementS--->By.xpath: //button[text()='Sign Out']
22:48:16.905  INFO  manager.ListenerWD - After Find ElementS--->By.xpath: //button[text()='Sign Out']
22:48:16.906  INFO  manager.ListenerWD - list of elements is --->1
22:48:16.906  INFO  tests.TestBase - Assert check is Element button 'Sing out' present
22:48:16.911  INFO  tests.TestBase - Name off method --->loginSuccessModel
22:48:16.913  INFO  manager.ListenerWD - Before Find ElementS--->By.xpath: //button[text()='Sign Out']
22:48:16.934  INFO  manager.ListenerWD - After Find ElementS--->By.xpath: //button[text()='Sign Out']
22:48:16.934  INFO  manager.ListenerWD - list of elements is --->1
22:48:16.934  INFO  manager.ListenerWD - Before Find Element--->By.xpath: //button[text()='Sign Out']
22:48:16.957  INFO  manager.ListenerWD - After Find Element--->By.xpath: //button[text()='Sign Out']
22:48:16.973  INFO  manager.ListenerWD - Location of element(1412, 39)
22:48:17.033  INFO  tests.TestBase - Before method finish logout
22:48:17.034  INFO  tests.TestBase - Test data ---> User{email='noa@gmail.com', password='Nnoa12345$'}
22:48:17.035  INFO  manager.ListenerWD - Before Find Element--->By.cssSelector: a[href='/login']
22:48:17.061  INFO  manager.ListenerWD - After Find Element--->By.cssSelector: a[href='/login']
22:48:17.077  INFO  manager.ListenerWD - Location of element(1425, 33)
22:48:17.129  INFO  manager.ListenerWD - Before Find Element--->By.name: email
22:48:17.151  INFO  manager.ListenerWD - After Find Element--->By.name: email
22:48:17.165  INFO  manager.ListenerWD - Location of element(568, 250)
22:48:17.404  INFO  manager.ListenerWD - Before Find Element--->By.xpath: //input[last()]
22:48:17.427  INFO  manager.ListenerWD - After Find Element--->By.xpath: //input[last()]
22:48:17.443  INFO  manager.ListenerWD - Location of element(568, 320)
22:48:17.682  INFO  manager.ListenerWD - Before Find Element--->By.xpath: //button[text()='Login']
22:48:17.707  INFO  manager.ListenerWD - After Find Element--->By.xpath: //button[text()='Login']
22:48:17.723  INFO  manager.ListenerWD - Location of element(568, 390)
22:48:17.775  INFO  manager.ListenerWD - Before Find ElementS--->By.xpath: //button[text()='Sign Out']
22:48:18.050  INFO  manager.ListenerWD - After Find ElementS--->By.xpath: //button[text()='Sign Out']
22:48:18.051  INFO  manager.ListenerWD - list of elements is --->1
22:48:18.051  INFO  tests.TestBase - Assert check is Element button 'Sing out' present
22:48:18.052  INFO  tests.TestBase - Name off method --->loginSuccessModel
22:48:18.053  INFO  manager.ListenerWD - Before Find ElementS--->By.xpath: //button[text()='Sign Out']
22:48:18.074  INFO  manager.ListenerWD - After Find ElementS--->By.xpath: //button[text()='Sign Out']
22:48:18.074  INFO  manager.ListenerWD - list of elements is --->1
22:48:18.075  INFO  manager.ListenerWD - Before Find Element--->By.xpath: //button[text()='Sign Out']
22:48:18.100  INFO  manager.ListenerWD - After Find Element--->By.xpath: //button[text()='Sign Out']
22:48:18.118  INFO  manager.ListenerWD - Location of element(1412, 39)
22:48:18.174  INFO  tests.TestBase - Before method finish logout
22:48:18.176  INFO  tests.TestBase - Test data ---> User{email='sonya@gmail.com', password='Ss12345$'}
22:48:18.177  INFO  manager.ListenerWD - Before Find Element--->By.cssSelector: a[href='/login']
22:48:18.200  INFO  manager.ListenerWD - After Find Element--->By.cssSelector: a[href='/login']
22:48:18.216  INFO  manager.ListenerWD - Location of element(1425, 33)
22:48:18.270  INFO  manager.ListenerWD - Before Find Element--->By.name: email
22:48:18.293  INFO  manager.ListenerWD - After Find Element--->By.name: email
22:48:18.307  INFO  manager.ListenerWD - Location of element(568, 250)
22:48:18.538  INFO  manager.ListenerWD - Before Find Element--->By.xpath: //input[last()]
22:48:18.558  INFO  manager.ListenerWD - After Find Element--->By.xpath: //input[last()]
22:48:18.572  INFO  manager.ListenerWD - Location of element(568, 320)
22:48:18.801  INFO  manager.ListenerWD - Before Find Element--->By.xpath: //button[text()='Login']
22:48:18.821  INFO  manager.ListenerWD - After Find Element--->By.xpath: //button[text()='Login']
22:48:18.838  INFO  manager.ListenerWD - Location of element(568, 390)
22:48:18.889  INFO  manager.ListenerWD - Before Find ElementS--->By.xpath: //button[text()='Sign Out']
22:48:19.156  INFO  manager.ListenerWD - After Find ElementS--->By.xpath: //button[text()='Sign Out']
22:48:19.157  INFO  manager.ListenerWD - list of elements is --->1
22:48:19.157  INFO  tests.TestBase - Assert check is Element button 'Sing out' present
22:48:19.161  INFO  tests.TestBase - Name off method --->loginSuccessModelDP
22:48:19.161  INFO  manager.ListenerWD - Before Find ElementS--->By.xpath: //button[text()='Sign Out']
22:48:19.181  INFO  manager.ListenerWD - After Find ElementS--->By.xpath: //button[text()='Sign Out']
22:48:19.182  INFO  manager.ListenerWD - list of elements is --->1
22:48:19.182  INFO  manager.ListenerWD - Before Find Element--->By.xpath: //button[text()='Sign Out']
22:48:19.201  INFO  manager.ListenerWD - After Find Element--->By.xpath: //button[text()='Sign Out']
22:48:19.216  INFO  manager.ListenerWD - Location of element(1412, 39)
22:48:19.272  INFO  tests.TestBase - Before method finish logout
22:48:19.274  INFO  tests.TestBase - Test data ---> User{email='noa@gmail.com', password='Nnoa12345$'}
22:48:19.275  INFO  manager.ListenerWD - Before Find Element--->By.cssSelector: a[href='/login']
22:48:19.296  INFO  manager.ListenerWD - After Find Element--->By.cssSelector: a[href='/login']
22:48:19.311  INFO  manager.ListenerWD - Location of element(1425, 33)
22:48:19.357  INFO  manager.ListenerWD - Before Find Element--->By.name: email
22:48:19.378  INFO  manager.ListenerWD - After Find Element--->By.name: email
22:48:19.392  INFO  manager.ListenerWD - Location of element(568, 250)
22:48:19.622  INFO  manager.ListenerWD - Before Find Element--->By.xpath: //input[last()]
22:48:19.646  INFO  manager.ListenerWD - After Find Element--->By.xpath: //input[last()]
22:48:19.660  INFO  manager.ListenerWD - Location of element(568, 320)
22:48:19.902  INFO  manager.ListenerWD - Before Find Element--->By.xpath: //button[text()='Login']
22:48:19.922  INFO  manager.ListenerWD - After Find Element--->By.xpath: //button[text()='Login']
22:48:19.938  INFO  manager.ListenerWD - Location of element(568, 390)
22:48:19.990  INFO  manager.ListenerWD - Before Find ElementS--->By.xpath: //button[text()='Sign Out']
22:48:20.260  INFO  manager.ListenerWD - After Find ElementS--->By.xpath: //button[text()='Sign Out']
22:48:20.260  INFO  manager.ListenerWD - list of elements is --->1
22:48:20.260  INFO  tests.TestBase - Assert check is Element button 'Sing out' present
22:48:20.264  INFO  tests.TestBase - Name off method --->loginSuccessModelDP
22:48:20.265  INFO  manager.ListenerWD - Before Find ElementS--->By.xpath: //button[text()='Sign Out']
22:48:20.286  INFO  manager.ListenerWD - After Find ElementS--->By.xpath: //button[text()='Sign Out']
22:48:20.286  INFO  manager.ListenerWD - list of elements is --->1
22:48:20.287  INFO  manager.ListenerWD - Before Find Element--->By.xpath: //button[text()='Sign Out']
22:48:20.305  INFO  manager.ListenerWD - After Find Element--->By.xpath: //button[text()='Sign Out']
22:48:20.317  INFO  manager.ListenerWD - Location of element(1412, 39)
22:48:20.374  INFO  tests.TestBase - Before method finish logout
22:48:20.375  INFO  tests.TestBase - Test data ---> User{email='sonya@gmail.com', password='Ss12345$'}
22:48:20.376  INFO  manager.ListenerWD - Before Find Element--->By.cssSelector: a[href='/login']
22:48:20.399  INFO  manager.ListenerWD - After Find Element--->By.cssSelector: a[href='/login']
22:48:20.413  INFO  manager.ListenerWD - Location of element(1425, 33)
22:48:20.462  INFO  manager.ListenerWD - Before Find Element--->By.name: email
22:48:20.479  INFO  manager.ListenerWD - After Find Element--->By.name: email
22:48:20.492  INFO  manager.ListenerWD - Location of element(568, 250)
22:48:20.720  INFO  manager.ListenerWD - Before Find Element--->By.xpath: //input[last()]
22:48:20.738  INFO  manager.ListenerWD - After Find Element--->By.xpath: //input[last()]
22:48:20.752  INFO  manager.ListenerWD - Location of element(568, 320)
22:48:20.971  INFO  manager.ListenerWD - Before Find Element--->By.xpath: //button[text()='Login']
22:48:20.992  INFO  manager.ListenerWD - After Find Element--->By.xpath: //button[text()='Login']
22:48:21.004  INFO  manager.ListenerWD - Location of element(568, 390)
22:48:21.051  INFO  manager.ListenerWD - Before Find ElementS--->By.xpath: //button[text()='Sign Out']
22:48:21.318  INFO  manager.ListenerWD - After Find ElementS--->By.xpath: //button[text()='Sign Out']
22:48:21.318  INFO  manager.ListenerWD - list of elements is --->1
22:48:21.318  INFO  tests.TestBase - Assert check is Element button 'Sing out' present
22:48:21.321  INFO  tests.TestBase - Name off method --->loginUnregisteredUser
22:48:21.322  INFO  manager.ListenerWD - Before Find ElementS--->By.xpath: //button[text()='Sign Out']
22:48:21.340  INFO  manager.ListenerWD - After Find ElementS--->By.xpath: //button[text()='Sign Out']
22:48:21.340  INFO  manager.ListenerWD - list of elements is --->1
22:48:21.340  INFO  manager.ListenerWD - Before Find Element--->By.xpath: //button[text()='Sign Out']
22:48:21.357  INFO  manager.ListenerWD - After Find Element--->By.xpath: //button[text()='Sign Out']
22:48:21.371  INFO  manager.ListenerWD - Location of element(1412, 39)
22:48:21.427  INFO  tests.TestBase - Before method finish logout
22:48:21.428  INFO  tests.TestBase - Test data ---> email: 'pop@gmail.com' & password : 'Pop12345$'
22:48:21.429  INFO  manager.ListenerWD - Before Find Element--->By.cssSelector: a[href='/login']
22:48:21.448  INFO  manager.ListenerWD - After Find Element--->By.cssSelector: a[href='/login']
22:48:21.462  INFO  manager.ListenerWD - Location of element(1425, 33)
22:48:21.513  INFO  manager.ListenerWD - Before Find Element--->By.name: email
22:48:21.533  INFO  manager.ListenerWD - After Find Element--->By.name: email
22:48:21.548  INFO  manager.ListenerWD - Location of element(568, 250)
22:48:21.776  INFO  manager.ListenerWD - Before Find Element--->By.xpath: //input[last()]
22:48:21.795  INFO  manager.ListenerWD - After Find Element--->By.xpath: //input[last()]
22:48:21.805  INFO  manager.ListenerWD - Location of element(568, 320)
22:48:21.994  INFO  manager.ListenerWD - Before Find Element--->By.xpath: //button[text()='Login']
22:48:22.011  INFO  manager.ListenerWD - After Find Element--->By.xpath: //button[text()='Login']
22:48:22.022  INFO  manager.ListenerWD - Location of element(568, 390)
22:48:22.106  INFO  manager.ListenerWD - Huston we have a problem!
22:48:22.106  INFO  manager.ListenerWD - Object target  --->org.openqa.selenium.remote.RemoteWebDriver$RemoteTargetLocator@3c74aa0d
22:48:22.106  INFO  manager.ListenerWD - ********************
22:48:22.106  INFO  manager.ListenerWD - Method name--->alert
22:48:22.106  INFO  manager.ListenerWD - ********************
22:48:22.107  INFO  manager.ListenerWD - ********************
22:48:22.107  INFO  manager.ListenerWD - ********************
22:48:22.110  INFO  manager.ListenerWD - InvocationTargetException3 & getTargetException--->org.openqa.selenium.NoAlertPresentException: no such alert
  (Session info: chrome=112.0.5615.138)
Build info: version: '4.7.0', revision: '0a5b49d16f'
System info: os.name: 'Windows 11', os.arch: 'amd64', os.version: '10.0', java.version: '1.8.0_361'
Driver info: org.openqa.selenium.chrome.ChromeDriver
Command: [ef61d08e1875137698bf83756025d047, getAlertText {}]
Capabilities {acceptInsecureCerts: false, browserName: chrome, browserVersion: 112.0.5615.138, chrome: {chromedriverVersion: 112.0.5615.49 (bd2a7bcb881c..., userDataDir: C:\Users\Toxa32\AppData\Loc...}, goog:chromeOptions: {debuggerAddress: localhost:62471}, networkConnectionEnabled: false, pageLoadStrategy: normal, platformName: WINDOWS, proxy: Proxy(), se:cdp: ws://localhost:62471/devtoo..., se:cdpVersion: 112.0.5615.138, setWindowRect: true, strictFileInteractability: false, timeouts: {implicit: 0, pageLoad: 300000, script: 30000}, unhandledPromptBehavior: dismiss and notify, webauthn:extension:credBlob: true, webauthn:extension:largeBlob: true, webauthn:extension:minPinLength: true, webauthn:extension:prf: true, webauthn:virtualAuthenticators: true}
Session ID: ef61d08e1875137698bf83756025d047
22:48:22.111  INFO  manager.ListenerWD - ********************
22:48:22.111  INFO  manager.ListenerWD - Screen with error is --->src/test/screenshots/screen_1077.png
22:48:22.631  INFO  manager.ListenerWD - Huston we have a problem!
22:48:22.631  INFO  manager.ListenerWD - Object target  --->org.openqa.selenium.remote.RemoteWebDriver$RemoteTargetLocator@2cc75074
22:48:22.631  INFO  manager.ListenerWD - ********************
22:48:22.632  INFO  manager.ListenerWD - Method name--->alert
22:48:22.632  INFO  manager.ListenerWD - ********************
22:48:22.632  INFO  manager.ListenerWD - ********************
22:48:22.632  INFO  manager.ListenerWD - ********************
22:48:22.632  INFO  manager.ListenerWD - InvocationTargetException3 & getTargetException--->org.openqa.selenium.NoAlertPresentException: no such alert
  (Session info: chrome=112.0.5615.138)
Build info: version: '4.7.0', revision: '0a5b49d16f'
System info: os.name: 'Windows 11', os.arch: 'amd64', os.version: '10.0', java.version: '1.8.0_361'
Driver info: org.openqa.selenium.chrome.ChromeDriver
Command: [ef61d08e1875137698bf83756025d047, getAlertText {}]
Capabilities {acceptInsecureCerts: false, browserName: chrome, browserVersion: 112.0.5615.138, chrome: {chromedriverVersion: 112.0.5615.49 (bd2a7bcb881c..., userDataDir: C:\Users\Toxa32\AppData\Loc...}, goog:chromeOptions: {debuggerAddress: localhost:62471}, networkConnectionEnabled: false, pageLoadStrategy: normal, platformName: WINDOWS, proxy: Proxy(), se:cdp: ws://localhost:62471/devtoo..., se:cdpVersion: 112.0.5615.138, setWindowRect: true, strictFileInteractability: false, timeouts: {implicit: 0, pageLoad: 300000, script: 30000}, unhandledPromptBehavior: dismiss and notify, webauthn:extension:credBlob: true, webauthn:extension:largeBlob: true, webauthn:extension:minPinLength: true, webauthn:extension:prf: true, webauthn:virtualAuthenticators: true}
Session ID: ef61d08e1875137698bf83756025d047
22:48:22.632  INFO  manager.ListenerWD - ********************
22:48:22.632  INFO  manager.ListenerWD - Screen with error is --->src/test/screenshots/screen_1488.png
22:48:23.170  INFO  tests.TestBase - Assert check is alert present with error text 'Wrong email or password'
22:48:23.174  INFO  tests.TestBase - Name off method --->loginWrongEmail
22:48:23.177  INFO  manager.ListenerWD - Before Find ElementS--->By.xpath: //button[text()='Sign Out']
22:48:28.244  INFO  manager.ListenerWD - After Find ElementS--->By.xpath: //button[text()='Sign Out']
22:48:28.244  INFO  manager.ListenerWD - list of elements is --->0
22:48:28.244  INFO  tests.TestBase - Test data ---> email: 'noagmail.com' & password : 'Nnoa12345$'
22:48:28.245  INFO  manager.ListenerWD - Before Find Element--->By.cssSelector: a[href='/login']
22:48:28.262  INFO  manager.ListenerWD - After Find Element--->By.cssSelector: a[href='/login']
22:48:28.271  INFO  manager.ListenerWD - Location of element(1425, 33)
22:48:28.310  INFO  manager.ListenerWD - Before Find Element--->By.name: email
22:48:28.330  INFO  manager.ListenerWD - After Find Element--->By.name: email
22:48:28.344  INFO  manager.ListenerWD - Location of element(568, 281)
22:48:28.590  INFO  manager.ListenerWD - Before Find Element--->By.xpath: //input[last()]
22:48:28.608  INFO  manager.ListenerWD - After Find Element--->By.xpath: //input[last()]
22:48:28.622  INFO  manager.ListenerWD - Location of element(568, 351)
22:48:28.859  INFO  manager.ListenerWD - Before Find Element--->By.xpath: //button[text()='Login']
22:48:28.879  INFO  manager.ListenerWD - After Find Element--->By.xpath: //button[text()='Login']
22:48:28.892  INFO  manager.ListenerWD - Location of element(568, 421)
22:48:28.950  INFO  manager.ListenerWD - Huston we have a problem!
22:48:28.951  INFO  manager.ListenerWD - Object target  --->org.openqa.selenium.remote.RemoteWebDriver$RemoteTargetLocator@5c83ae01
22:48:28.951  INFO  manager.ListenerWD - ********************
22:48:28.951  INFO  manager.ListenerWD - Method name--->alert
22:48:28.951  INFO  manager.ListenerWD - ********************
22:48:28.951  INFO  manager.ListenerWD - ********************
22:48:28.951  INFO  manager.ListenerWD - ********************
22:48:28.952  INFO  manager.ListenerWD - InvocationTargetException3 & getTargetException--->org.openqa.selenium.NoAlertPresentException: no such alert
  (Session info: chrome=112.0.5615.138)
Build info: version: '4.7.0', revision: '0a5b49d16f'
System info: os.name: 'Windows 11', os.arch: 'amd64', os.version: '10.0', java.version: '1.8.0_361'
Driver info: org.openqa.selenium.chrome.ChromeDriver
Command: [ef61d08e1875137698bf83756025d047, getAlertText {}]
Capabilities {acceptInsecureCerts: false, browserName: chrome, browserVersion: 112.0.5615.138, chrome: {chromedriverVersion: 112.0.5615.49 (bd2a7bcb881c..., userDataDir: C:\Users\Toxa32\AppData\Loc...}, goog:chromeOptions: {debuggerAddress: localhost:62471}, networkConnectionEnabled: false, pageLoadStrategy: normal, platformName: WINDOWS, proxy: Proxy(), se:cdp: ws://localhost:62471/devtoo..., se:cdpVersion: 112.0.5615.138, setWindowRect: true, strictFileInteractability: false, timeouts: {implicit: 0, pageLoad: 300000, script: 30000}, unhandledPromptBehavior: dismiss and notify, webauthn:extension:credBlob: true, webauthn:extension:largeBlob: true, webauthn:extension:minPinLength: true, webauthn:extension:prf: true, webauthn:virtualAuthenticators: true}
Session ID: ef61d08e1875137698bf83756025d047
22:48:28.952  INFO  manager.ListenerWD - ********************
22:48:28.953  INFO  manager.ListenerWD - Screen with error is --->src/test/screenshots/screen_1563.png
22:48:29.491  INFO  tests.TestBase - Assert check is alert present with error text 'Wrong email or password'
22:48:29.494  INFO  tests.TestBase - Name off method --->loginWrongPassword
22:48:29.496  INFO  manager.ListenerWD - Before Find ElementS--->By.xpath: //button[text()='Sign Out']
22:48:34.561  INFO  manager.ListenerWD - After Find ElementS--->By.xpath: //button[text()='Sign Out']
22:48:34.561  INFO  manager.ListenerWD - list of elements is --->0
22:48:34.561  INFO  tests.TestBase - Test data ---> email: 'noa@gmail.com' & password : 'Nnoa12'
22:48:34.562  INFO  manager.ListenerWD - Before Find Element--->By.cssSelector: a[href='/login']
22:48:34.580  INFO  manager.ListenerWD - After Find Element--->By.cssSelector: a[href='/login']
22:48:34.589  INFO  manager.ListenerWD - Location of element(1425, 33)
22:48:34.629  INFO  manager.ListenerWD - Before Find Element--->By.name: email
22:48:34.651  INFO  manager.ListenerWD - After Find Element--->By.name: email
22:48:34.663  INFO  manager.ListenerWD - Location of element(568, 281)
22:48:34.906  INFO  manager.ListenerWD - Before Find Element--->By.xpath: //input[last()]
22:48:34.926  INFO  manager.ListenerWD - After Find Element--->By.xpath: //input[last()]
22:48:34.939  INFO  manager.ListenerWD - Location of element(568, 351)
22:48:35.163  INFO  manager.ListenerWD - Before Find Element--->By.xpath: //button[text()='Login']
22:48:35.192  INFO  manager.ListenerWD - After Find Element--->By.xpath: //button[text()='Login']
22:48:35.206  INFO  manager.ListenerWD - Location of element(568, 421)
22:48:35.272  INFO  manager.ListenerWD - Huston we have a problem!
22:48:35.273  INFO  manager.ListenerWD - Object target  --->org.openqa.selenium.remote.RemoteWebDriver$RemoteTargetLocator@52b06bef
22:48:35.273  INFO  manager.ListenerWD - ********************
22:48:35.273  INFO  manager.ListenerWD - Method name--->alert
22:48:35.273  INFO  manager.ListenerWD - ********************
22:48:35.273  INFO  manager.ListenerWD - ********************
22:48:35.273  INFO  manager.ListenerWD - ********************
22:48:35.273  INFO  manager.ListenerWD - InvocationTargetException3 & getTargetException--->org.openqa.selenium.NoAlertPresentException: no such alert
  (Session info: chrome=112.0.5615.138)
Build info: version: '4.7.0', revision: '0a5b49d16f'
System info: os.name: 'Windows 11', os.arch: 'amd64', os.version: '10.0', java.version: '1.8.0_361'
Driver info: org.openqa.selenium.chrome.ChromeDriver
Command: [ef61d08e1875137698bf83756025d047, getAlertText {}]
Capabilities {acceptInsecureCerts: false, browserName: chrome, browserVersion: 112.0.5615.138, chrome: {chromedriverVersion: 112.0.5615.49 (bd2a7bcb881c..., userDataDir: C:\Users\Toxa32\AppData\Loc...}, goog:chromeOptions: {debuggerAddress: localhost:62471}, networkConnectionEnabled: false, pageLoadStrategy: normal, platformName: WINDOWS, proxy: Proxy(), se:cdp: ws://localhost:62471/devtoo..., se:cdpVersion: 112.0.5615.138, setWindowRect: true, strictFileInteractability: false, timeouts: {implicit: 0, pageLoad: 300000, script: 30000}, unhandledPromptBehavior: dismiss and notify, webauthn:extension:credBlob: true, webauthn:extension:largeBlob: true, webauthn:extension:minPinLength: true, webauthn:extension:prf: true, webauthn:virtualAuthenticators: true}
Session ID: ef61d08e1875137698bf83756025d047
22:48:35.273  INFO  manager.ListenerWD - ********************
22:48:35.273  INFO  manager.ListenerWD - Screen with error is --->src/test/screenshots/screen_1522.png
22:48:35.813  INFO  tests.TestBase - Assert check is alert present with error text 'Wrong email or password'
