20:35:46.496  INFO  manager.ApplicationManager - All tests run in Chrome browser
20:35:48.039  INFO  manager.ApplicationManager - The link --->https://telranedu.web.app/login
20:35:48.056  INFO  manager.ListenerWD - Before Find ElementS--->By.xpath: //button[text()='Sign Out']
20:35:53.091  INFO  manager.ListenerWD - After Find ElementS--->By.xpath: //button[text()='Sign Out']
20:35:53.091  INFO  manager.ListenerWD - list of elements is --->0
20:35:53.108  INFO  manager.ListenerWD - Before Find Element--->By.xpath: //a[@class='active']
20:35:53.132  INFO  manager.ListenerWD - After Find Element--->By.xpath: //a[@class='active']
20:35:53.154  INFO  manager.ListenerWD - Location of element(1425, 33)
20:35:53.199  INFO  manager.ListenerWD - Before Find Element--->By.xpath: //input[@name='email']
20:35:53.222  INFO  manager.ListenerWD - After Find Element--->By.xpath: //input[@name='email']
20:35:53.232  INFO  manager.ListenerWD - Location of element(568, 250)
20:35:53.398  INFO  manager.ListenerWD - Before Find Element--->By.xpath: //input[@name='password']
20:35:53.418  INFO  manager.ListenerWD - After Find Element--->By.xpath: //input[@name='password']
20:35:53.428  INFO  manager.ListenerWD - Location of element(568, 320)
20:35:53.568  INFO  manager.ListenerWD - Before Find Element--->By.xpath: //button[text()='Login']
20:35:53.586  INFO  manager.ListenerWD - After Find Element--->By.xpath: //button[text()='Login']
20:35:53.596  INFO  manager.ListenerWD - Location of element(568, 390)
20:35:53.648  INFO  tests.TestBase - Name off method --->addContactSuccessAllFields
20:35:53.669  INFO  tests.TestBase - Tests run with data: --->Contact(name=Tony, lastname=Stark, phone=34343434, email=stark@gmail.com, address=NY, description=all fields)
20:35:53.670  INFO  manager.ListenerWD - Before Find Element--->By.cssSelector: a[href='/add']
20:35:54.636  INFO  manager.ListenerWD - After Find Element--->By.cssSelector: a[href='/add']
20:35:54.645  INFO  manager.ListenerWD - Location of element(1191, 34)
20:35:54.684  INFO  manager.ListenerWD - Before Find Element--->By.xpath: //input[@placeholder='Name']
20:35:54.708  INFO  manager.ListenerWD - After Find Element--->By.xpath: //input[@placeholder='Name']
20:35:54.718  INFO  manager.ListenerWD - Location of element(242, 165)
20:35:54.855  INFO  manager.ListenerWD - Before Find Element--->By.xpath: //input[@placeholder='Last Name']
20:35:54.874  INFO  manager.ListenerWD - After Find Element--->By.xpath: //input[@placeholder='Last Name']
20:35:54.884  INFO  manager.ListenerWD - Location of element(242, 238)
20:35:55.014  INFO  manager.ListenerWD - Before Find Element--->By.xpath: //input[@placeholder='Phone']
20:35:55.030  INFO  manager.ListenerWD - After Find Element--->By.xpath: //input[@placeholder='Phone']
20:35:55.041  INFO  manager.ListenerWD - Location of element(242, 312)
20:35:55.179  INFO  manager.ListenerWD - Before Find Element--->By.cssSelector: input[placeholder='email']
20:35:55.198  INFO  manager.ListenerWD - After Find Element--->By.cssSelector: input[placeholder='email']
20:35:55.206  INFO  manager.ListenerWD - Location of element(242, 385)
20:35:55.355  INFO  manager.ListenerWD - Before Find Element--->By.xpath: //input[@placeholder='Address']
20:35:55.371  INFO  manager.ListenerWD - After Find Element--->By.xpath: //input[@placeholder='Address']
20:35:55.383  INFO  manager.ListenerWD - Location of element(242, 459)
20:35:55.514  INFO  manager.ListenerWD - Before Find Element--->By.xpath: //input[@placeholder='description']
20:35:55.531  INFO  manager.ListenerWD - After Find Element--->By.xpath: //input[@placeholder='description']
20:35:55.540  INFO  manager.ListenerWD - Location of element(242, 533)
20:35:55.681  INFO  manager.ListenerWD - Before Find Element--->By.cssSelector: .add_form__2rsm2>button
20:35:55.698  INFO  manager.ListenerWD - After Find Element--->By.cssSelector: .add_form__2rsm2>button
20:35:55.707  INFO  manager.ListenerWD - Location of element(245, 606)
20:35:55.817  INFO  manager.ListenerWD - Before Find Element--->By.cssSelector: .add_form__2rsm2>button
20:35:55.834  INFO  manager.ListenerWD - After Find Element--->By.cssSelector: .add_form__2rsm2>button
20:35:55.842  INFO  manager.ListenerWD - Location of element(245, 606)
20:35:55.873  INFO  manager.ListenerWD - Before Find ElementS--->By.cssSelector: h2
20:35:56.200  INFO  manager.ListenerWD - After Find ElementS--->By.cssSelector: h2
20:35:56.200  INFO  manager.ListenerWD - list of elements is --->0
20:35:56.200  INFO  tests.TestBase - Name off method --->addContactSuccessAllFields
20:35:56.200  INFO  tests.TestBase - Tests run with data: --->Contact(name=TonyReq, lastname=Stark, phone=34343434, email=stark1@gmail.com, address=NY, description=null)
20:35:56.200  INFO  manager.ListenerWD - Before Find Element--->By.cssSelector: a[href='/add']
20:35:56.220  INFO  manager.ListenerWD - Huston we have a problem!
20:35:56.220  INFO  manager.ListenerWD - Object target  --->ChromeDriver: chrome on WINDOWS (0bfa12b299287bc205f356b01a1c7779)
20:35:56.220  INFO  manager.ListenerWD - ********************
20:35:56.221  INFO  manager.ListenerWD - Method name--->findElement
20:35:56.221  INFO  manager.ListenerWD - ********************
20:35:56.221  INFO  manager.ListenerWD - ********************
20:35:56.221  INFO  manager.ListenerWD - ********************
20:35:56.223  INFO  manager.ListenerWD - InvocationTargetException3 & getTargetException--->org.openqa.selenium.UnhandledAlertException: unexpected alert open: {Alert text :  Phone not valid: Phone number must contain only digits! And length min 10, max 15!}
  (Session info: chrome=112.0.5615.121):  Phone not valid: Phone number must contain only digits! And length min 10, max 15!
Build info: version: '4.7.0', revision: '0a5b49d16f'
System info: os.name: 'Windows 11', os.arch: 'amd64', os.version: '10.0', java.version: '11.0.18'
Driver info: org.openqa.selenium.chrome.ChromeDriver
Command: [0bfa12b299287bc205f356b01a1c7779, findElement {using=css selector, value=a[href='/add']}]
Capabilities {acceptInsecureCerts: false, browserName: chrome, browserVersion: 112.0.5615.121, chrome: {chromedriverVersion: 112.0.5615.49 (bd2a7bcb881c..., userDataDir: C:\Users\Toxa32\AppData\Loc...}, goog:chromeOptions: {debuggerAddress: localhost:62461}, networkConnectionEnabled: false, pageLoadStrategy: normal, platformName: WINDOWS, proxy: Proxy(), se:cdp: ws://localhost:62461/devtoo..., se:cdpVersion: 112.0.5615.121, setWindowRect: true, strictFileInteractability: false, timeouts: {implicit: 0, pageLoad: 300000, script: 30000}, unhandledPromptBehavior: dismiss and notify, webauthn:extension:credBlob: true, webauthn:extension:largeBlob: true, webauthn:extension:minPinLength: true, webauthn:extension:prf: true, webauthn:virtualAuthenticators: true}
Session ID: 0bfa12b299287bc205f356b01a1c7779
20:35:56.224  INFO  manager.ListenerWD - ********************
20:35:56.228  INFO  manager.ListenerWD - Screen with error is --->src/test/screenshots/screen_1817.png
