20:27:14.022  INFO  manager.ApplicationManager - All tests run in Chrome browser
20:27:16.091  INFO  manager.ApplicationManager - The link --->https://telranedu.web.app/login
20:27:16.108  INFO  manager.ListenerWD - Before Find ElementS--->By.xpath: //button[text()='Sign Out']
20:27:21.168  INFO  manager.ListenerWD - After Find ElementS--->By.xpath: //button[text()='Sign Out']
20:27:21.169  INFO  manager.ListenerWD - list of elements is --->0
20:27:21.171  INFO  manager.ListenerWD - Before Find Element--->By.xpath: //a[@class='active']
20:27:21.199  INFO  manager.ListenerWD - After Find Element--->By.xpath: //a[@class='active']
20:27:21.221  INFO  manager.ListenerWD - Location of element(1425, 33)
20:27:21.261  INFO  manager.ListenerWD - Before Find Element--->By.xpath: //input[@name='email']
20:27:21.284  INFO  manager.ListenerWD - After Find Element--->By.xpath: //input[@name='email']
20:27:21.294  INFO  manager.ListenerWD - Location of element(568, 250)
20:27:21.454  INFO  manager.ListenerWD - Before Find Element--->By.xpath: //input[@name='password']
20:27:21.475  INFO  manager.ListenerWD - After Find Element--->By.xpath: //input[@name='password']
20:27:21.485  INFO  manager.ListenerWD - Location of element(568, 320)
20:27:21.622  INFO  manager.ListenerWD - Before Find Element--->By.xpath: //button[text()='Login']
20:27:21.642  INFO  manager.ListenerWD - After Find Element--->By.xpath: //button[text()='Login']
20:27:21.651  INFO  manager.ListenerWD - Location of element(568, 390)
20:27:21.683  INFO  tests.TestBase - Before method finish logout
20:27:21.702  INFO  tests.TestBase - Name off method --->addContactSuccessAllFields
20:27:21.719  INFO  tests.TestBase - Start test with nam: --->Contact(name=Tony, lastname=Stark, phone=34343434, email=stark@gmail.com, address=NY, description=all fields)
20:27:21.720  INFO  manager.ListenerWD - Before Find Element--->By.cssSelector: a[href='/add']
20:27:22.736  INFO  manager.ListenerWD - After Find Element--->By.cssSelector: a[href='/add']
20:27:22.746  INFO  manager.ListenerWD - Location of element(1191, 34)
20:27:22.785  INFO  manager.ListenerWD - Before Find Element--->By.xpath: //input[@placeholder='Name']
20:27:22.818  INFO  manager.ListenerWD - After Find Element--->By.xpath: //input[@placeholder='Name']
20:27:22.830  INFO  manager.ListenerWD - Location of element(242, 165)
20:27:22.962  INFO  manager.ListenerWD - Before Find Element--->By.xpath: //input[@placeholder='Last Name']
20:27:22.985  INFO  manager.ListenerWD - After Find Element--->By.xpath: //input[@placeholder='Last Name']
20:27:22.995  INFO  manager.ListenerWD - Location of element(242, 238)
20:27:23.131  INFO  manager.ListenerWD - Before Find Element--->By.xpath: //input[@placeholder='Phone']
20:27:23.148  INFO  manager.ListenerWD - After Find Element--->By.xpath: //input[@placeholder='Phone']
20:27:23.159  INFO  manager.ListenerWD - Location of element(242, 312)
20:27:23.294  INFO  manager.ListenerWD - Before Find Element--->By.cssSelector: input[placeholder='email']
20:27:23.313  INFO  manager.ListenerWD - After Find Element--->By.cssSelector: input[placeholder='email']
20:27:23.322  INFO  manager.ListenerWD - Location of element(242, 385)
20:27:23.465  INFO  manager.ListenerWD - Before Find Element--->By.xpath: //input[@placeholder='Address']
20:27:23.482  INFO  manager.ListenerWD - After Find Element--->By.xpath: //input[@placeholder='Address']
20:27:23.491  INFO  manager.ListenerWD - Location of element(242, 459)
20:27:23.626  INFO  manager.ListenerWD - Before Find Element--->By.xpath: //input[@placeholder='description']
20:27:23.643  INFO  manager.ListenerWD - After Find Element--->By.xpath: //input[@placeholder='description']
20:27:23.653  INFO  manager.ListenerWD - Location of element(242, 533)
20:27:23.787  INFO  manager.ListenerWD - Before Find Element--->By.cssSelector: .add_form__2rsm2>button
20:27:23.803  INFO  manager.ListenerWD - After Find Element--->By.cssSelector: .add_form__2rsm2>button
20:27:23.811  INFO  manager.ListenerWD - Location of element(245, 606)
20:27:23.960  INFO  manager.ListenerWD - Before Find Element--->By.cssSelector: .add_form__2rsm2>button
20:27:23.973  INFO  manager.ListenerWD - After Find Element--->By.cssSelector: .add_form__2rsm2>button
20:27:23.981  INFO  manager.ListenerWD - Location of element(245, 606)
20:27:24.011  INFO  manager.ListenerWD - Before Find ElementS--->By.cssSelector: h2
20:27:24.336  INFO  manager.ListenerWD - After Find ElementS--->By.cssSelector: h2
20:27:24.336  INFO  manager.ListenerWD - list of elements is --->0
20:27:24.340  INFO  tests.TestBase - Name off method --->addContactSuccessAllFields
20:27:24.340  INFO  tests.TestBase - Start test with nam: --->Contact(name=TonyReq, lastname=Stark, phone=34343434, email=stark1@gmail.com, address=NY, description=null)
20:27:24.340  INFO  manager.ListenerWD - Before Find Element--->By.cssSelector: a[href='/add']
20:27:24.356  INFO  manager.ListenerWD - Huston we have a problem!
20:27:24.356  INFO  manager.ListenerWD - Object target  --->ChromeDriver: chrome on WINDOWS (37ab50d2dbdb89800d0aef9d1828138d)
20:27:24.356  INFO  manager.ListenerWD - ********************
20:27:24.356  INFO  manager.ListenerWD - Method name--->findElement
20:27:24.356  INFO  manager.ListenerWD - ********************
20:27:24.356  INFO  manager.ListenerWD - ********************
20:27:24.356  INFO  manager.ListenerWD - ********************
20:27:24.358  INFO  manager.ListenerWD - InvocationTargetException3 & getTargetException--->org.openqa.selenium.UnhandledAlertException: unexpected alert open: {Alert text :  Phone not valid: Phone number must contain only digits! And length min 10, max 15!}
  (Session info: chrome=112.0.5615.121):  Phone not valid: Phone number must contain only digits! And length min 10, max 15!
Build info: version: '4.7.0', revision: '0a5b49d16f'
System info: os.name: 'Windows 11', os.arch: 'amd64', os.version: '10.0', java.version: '11.0.18'
Driver info: org.openqa.selenium.chrome.ChromeDriver
Command: [37ab50d2dbdb89800d0aef9d1828138d, findElement {using=css selector, value=a[href='/add']}]
Capabilities {acceptInsecureCerts: false, browserName: chrome, browserVersion: 112.0.5615.121, chrome: {chromedriverVersion: 112.0.5615.49 (bd2a7bcb881c..., userDataDir: C:\Users\Toxa32\AppData\Loc...}, goog:chromeOptions: {debuggerAddress: localhost:61703}, networkConnectionEnabled: false, pageLoadStrategy: normal, platformName: WINDOWS, proxy: Proxy(), se:cdp: ws://localhost:61703/devtoo..., se:cdpVersion: 112.0.5615.121, setWindowRect: true, strictFileInteractability: false, timeouts: {implicit: 0, pageLoad: 300000, script: 30000}, unhandledPromptBehavior: dismiss and notify, webauthn:extension:credBlob: true, webauthn:extension:largeBlob: true, webauthn:extension:minPinLength: true, webauthn:extension:prf: true, webauthn:virtualAuthenticators: true}
Session ID: 37ab50d2dbdb89800d0aef9d1828138d
20:27:24.358  INFO  manager.ListenerWD - ********************
20:27:24.362  INFO  manager.ListenerWD - Screen with error is --->src/test/screenshots/screen_1140.png
