19:31:44.032  INFO  manager.ApplicationManager - All tests run in Chrome browser
19:31:45.858  INFO  manager.ApplicationManager - The link --->https://telranedu.web.app/login
19:31:45.889  INFO  tests.TestBase - Name off method --->loginSuccess
19:31:45.890  INFO  manager.ListenerWD - Before Find ElementS--->By.xpath: //button[text()='Sign Out']
19:31:50.934  INFO  manager.ListenerWD - After Find ElementS--->By.xpath: //button[text()='Sign Out']
19:31:50.934  INFO  manager.ListenerWD - list of elements is --->0
19:31:50.934  INFO  tests.TestBase - Start test with name ' loginSuccess'
19:31:50.950  INFO  tests.TestBase - Test data ---> email: noa@gmail.com & password : Nnoa12345$
19:31:50.950  INFO  manager.ListenerWD - Before Find Element--->By.cssSelector: a[href='/login']
19:31:50.981  INFO  manager.ListenerWD - After Find Element--->By.cssSelector: a[href='/login']
19:31:50.994  INFO  manager.ListenerWD - Location of element(1425, 33)
19:31:51.039  INFO  manager.ListenerWD - Before Find Element--->By.name: email
19:31:51.064  INFO  manager.ListenerWD - After Find Element--->By.name: email
19:31:51.076  INFO  manager.ListenerWD - Location of element(568, 250)
19:31:51.236  INFO  manager.ListenerWD - Before Find Element--->By.xpath: //input[last()]
19:31:51.258  INFO  manager.ListenerWD - After Find Element--->By.xpath: //input[last()]
19:31:51.269  INFO  manager.ListenerWD - Location of element(568, 320)
19:31:51.412  INFO  manager.ListenerWD - Before Find Element--->By.xpath: //button[text()='Login']
19:31:51.430  INFO  manager.ListenerWD - After Find Element--->By.xpath: //button[text()='Login']
19:31:51.441  INFO  manager.ListenerWD - Location of element(568, 390)
19:31:51.477  INFO  manager.ListenerWD - Before Find ElementS--->By.xpath: //button[text()='Sign Out']
19:31:52.568  INFO  manager.ListenerWD - After Find ElementS--->By.xpath: //button[text()='Sign Out']
19:31:52.568  INFO  manager.ListenerWD - list of elements is --->1
19:31:52.568  INFO  tests.TestBase - Assert check is Element button 'Sing out' present
19:31:52.578  INFO  tests.TestBase - Name off method --->loginSuccess
19:31:52.578  INFO  manager.ListenerWD - Before Find ElementS--->By.xpath: //button[text()='Sign Out']
19:31:52.598  INFO  manager.ListenerWD - After Find ElementS--->By.xpath: //button[text()='Sign Out']
19:31:52.598  INFO  manager.ListenerWD - list of elements is --->1
19:31:52.598  INFO  manager.ListenerWD - Before Find Element--->By.xpath: //button[text()='Sign Out']
19:31:52.619  INFO  manager.ListenerWD - After Find Element--->By.xpath: //button[text()='Sign Out']
19:31:52.631  INFO  manager.ListenerWD - Location of element(1412, 39)
19:31:52.669  INFO  tests.TestBase - Before method finish logout
19:31:52.670  INFO  tests.TestBase - Start test with name ' loginSuccess'
19:31:52.670  INFO  tests.TestBase - Test data ---> email: sonya@gmail.com & password : Ss12345$
19:31:52.670  INFO  manager.ListenerWD - Before Find Element--->By.cssSelector: a[href='/login']
19:31:52.687  INFO  manager.ListenerWD - After Find Element--->By.cssSelector: a[href='/login']
19:31:52.697  INFO  manager.ListenerWD - Location of element(1425, 33)
19:31:52.730  INFO  manager.ListenerWD - Before Find Element--->By.name: email
19:31:52.748  INFO  manager.ListenerWD - After Find Element--->By.name: email
19:31:52.757  INFO  manager.ListenerWD - Location of element(568, 250)
19:31:52.923  INFO  manager.ListenerWD - Before Find Element--->By.xpath: //input[last()]
19:31:52.939  INFO  manager.ListenerWD - After Find Element--->By.xpath: //input[last()]
19:31:52.950  INFO  manager.ListenerWD - Location of element(568, 320)
19:31:53.094  INFO  manager.ListenerWD - Before Find Element--->By.xpath: //button[text()='Login']
19:31:53.109  INFO  manager.ListenerWD - After Find Element--->By.xpath: //button[text()='Login']
19:31:53.119  INFO  manager.ListenerWD - Location of element(568, 390)
19:31:53.151  INFO  manager.ListenerWD - Before Find ElementS--->By.xpath: //button[text()='Sign Out']
19:31:53.425  INFO  manager.ListenerWD - After Find ElementS--->By.xpath: //button[text()='Sign Out']
19:31:53.425  INFO  manager.ListenerWD - list of elements is --->1
19:31:53.425  INFO  tests.TestBase - Assert check is Element button 'Sing out' present
